Nét đẹp văn hóa trên trang phục người Dao_1
Nét đẹp văn hóa trên trang phục người Dao_2
Độc đáo trang phục phụ nữ dân tộc Dao Đỏ - Báo Cao Bằng điện tử_3
Độc đáo trang phục dân tộc Dao: Nghệ thuật trong từng đường kim đi_4
NDA0108 Trang Phục Dân Tộc Dao Nữ_5
Độc đáo trang phục của người Dao đỏ Yên Bái_6
Đặc sắc trang phục của phụ nữ dân tộc Dao trong vùng CVĐC Non nước Cao Bằng_7
Nét đẹp văn hóa của trang phục người Dao Quần Chẹt_8
Giá trị nghệ thuật trong trang phục của người Dao_9
Làng Văn hóa - Du lịch các dân tộc Việt Nam_10
Trang phục dân tộc Dao - Thời Trang Daily_11
Sắc màu trang phục các dân tộc Dao - Đài Phát Thanh và Truyền Hình Lạng Sơn_12
Giữ gìn nét đặc sắc trong trang phục truyền thống của người Dao Đỏ_13
NDA0101 Trang Phục Dân Tộc Dao Nữ_14
Trang phục phụ nữ Dao đỏ_15
Sắc màu trang phục các dân tộc Dao - Đài Phát Thanh và Truyền Hình Lạng Sơn_16
Vẻ đẹp văn hóa trên trang phục người Dao quần chẹt_17
Vài nét khác biệt trong trang phục của người Dao Đỏ_18
Độc đáo trang phục phụ nữ Dao đỏ - Cổng Thông Tin Hội Liên hiệp Phụ nữ Việt  Nam_19
Bí quyết đưa thuật trang trí trên trang phục truyền thống của người Dao đỏ  thành di sản quốc gia_20
Ngày xuân khám phá trang phục của phụ nữ Dao, Hà Nhì_21
Nét đẹp văn hóa trên trang phục người Dao_22
Làng Văn hóa - Du lịch các dân tộc Việt Nam_23
Giá trị nghệ thuật trong trang phục của người Dao_24
Trang phục rực rỡ của người Dao Đỏ_25
Trình diễn trang phục truyền thống dân tộc Dao - Tin hoạt động của tỉnh -  Trang thông tin điện tử thành phố Phổ Yên_26
Trang phục dân tộc Dao - Thời Trang Daily_27
Bắc Mê gìn giữ bản sắc văn hóa của người Dao đỏ - www.dulichvn.org.vn_28
Độc đáo trang phục của người Dao đỏ Yên Bái_29
Sand Outfit_30
May bán Cho thuê Trang phục Dân tộc Dao - Trang phục Hoa Mai_31
Cổng thông tin du lịch tỉnh Lào Cai_32
Hà Giang: Sắc màu độc đáo trong trang phục của phụ nữ Dao đỏ_33
Nét đẹp văn hóa trong trang phục dân tộc Dao - www.dulichvn.org.vn_34
Nét độc đáo trong trang phục của người Dao Đỏ ở Tuyên Quang - Báo An Giang  Online_35
Trình diễn trang phục truyền thống dân tộc Dao - Thông báo - Cổng thông tin  điện tử tỉnh Thái Nguyên_36
Độc đáo trang phục dân tộc Dao: Nghệ thuật trong từng đường kim đi_37
Vài nét khác biệt trong trang phục của người Dao Đỏ_38
Ấn tượng với trang phục của người Dao Đỏ ở Sa Pa_39
Thời báo Tân di dân toàn cầu-Bản sắc văn hóa ẩn chứa trong những bộ trang  phục truyền thống của người Dao đỏ_40
Văn hóa - Cổng thông tin điện tử Tỉnh Cao Bằng_41
Trang phục – bản sắc riêng của dân tộc Dao đỏ_42
Cổng thông tin du lịch tỉnh Lào Cai_43
Nét đẹp văn hóa trên trang phục người Dao_44
Ðộc đáo Lễ cấp sắc của dân tộc Dao đỏ_45
Một nét văn hóa đặc sắc của người Dao đỏ_46
Trình diễn trang phục truyền thống dân tộc Dao - Tin mới - Thị trấn Hóa  Thượng_47
Trang phục dân tộc Dao nam,nữ 01_48
Nét đẹp văn hóa của trang phục người Dao Quần Chẹt_49
Làng Văn hóa - Du lịch các dân tộc Việt Nam_50
Nét đặc sắc trong trang phục dân tộc Dao Đỏ_51
Cao Bằng: Khảo sát, nghiên cứu di sản trang phục truyền thống của người Dao  Đỏ | Báo Dân tộc và Phát triển_52
Đặc sắc đám cưới người Dao đỏ ở Khai Trung_53
Trang sức Bạc vật bất ly thân của dân tộc Dao Đỏ_54
Ấn tượng với trang phục của người Dao Đỏ ở Sa Pa_55
Phụ nữ Dao đỏ giữ gìn nghề thêu trang phục truyền thống_56
Sắc màu trang phục các dân tộc Dao - Đài Phát Thanh và Truyền Hình Lạng Sơn_57
Sắc màu trang phục các dân tộc Dao - Báo VnExpress Du lịch_58
Trang phục truyền thống của phụ nữ Dao Đỏ tỉnh Bắc Kạn - www.dulichvn.org.vn_59
Nét đẹp văn hóa trên trang phục người Dao_60
Độc đáo nghệ thuật trang trí hoa văn trên trang phục của người Dao Đỏ_61
Nét đẹp văn hóa trên trang phục truyền thống của người Dao Đỏ_62
Độc đáo trang phục thiếu nữ Dao - Tuổi Trẻ Online_63
Nét đẹp văn hóa trong trang phục dân tộc Dao qua ống kính của nhiếp ảnh gia  Nguyễn Sơn Tùng_64
Trang phục của người Dao đỏ ở Văn Yên: Thực dụng và đậm nét văn hóa_65
Nét đẹp văn hóa của trang phục người Dao quần trắng_66
Nét độc đáo trong trang phục truyền thống của người Dao đỏ Hà Giang_67
Tuyên Quang: Nét độc đáo trong trang phục người Dao Đỏ_68
Tuyên Quang: Bảo tồn trang phục truyền thống của người Dao đỏ_69
Giữ gìn trang phục truyền thống dân tộc Dao đỏ ở Phiêng Côn_70
Bảo tồn và phát triển trang phục dân tộc Dao đỏ_71
Nét đẹp trang phục dân tộc Dao đỏ ở Bắc Kạn_72
Nét văn hóa truyền thống trang phục của người Dao đỏ_73
Giới thiệu trang phục dân tộc Dao đỏ_74
Độc đáo trang phục dân tộc Dao: Nghệ thuật trong từng đường kim đi_75
Nét đẹp trong trang phục dân tộc Dao ở Sapa - Thổ cẩm lan rừng_76
Những Điều Bạn Cần Về Trang Phục Dân Tộc Dao_77
Sắc màu trang phục các dân tộc Dao - Báo VnExpress Du lịch_78
Nét đẹp trong trang phục dân tộc Dao ở Sapa - Thổ cẩm lan rừng_79
Xã Thổ Bình giữ gìn trang phục dân tộc Người Dao đỏ_80
Quảng Ninh: Hoa văn trên trang phục thêu tay của người Dao ở Quảng Ninh -  Tạp chí điện tử Bảo vệ Rừng và Môi trường_81
Cho thuê trang phục 54 dân tộc dao đỏ, yếm phối áo khoác_82
Đặc sắc đám cưới người Dao đỏ ở Khai Trung_83
Nghệ thuật trang trí trên trang phục của người Dao đỏ - Di sản quý giá của  quốc gia_84
Dân tộc Dao_85
Hà Giang: Sắc màu độc đáo trong trang phục của phụ nữ Dao đỏ_86
Nét độc đáo trong trang phục truyền thống của người Dao đỏ_87
Cổng thông tin du lịch tỉnh Lào Cai_88
Nét đẹp trong trang phục của người Dao Quần trắng_89
Nét đặc sắc trong trang phục của người Dao Tiền Tuyên Quang_90
Nét đẹp trong trang phục truyền thống của người Dao đỏ xã Ngọc Phái_91
Ấn tượng với trang phục của người Dao Đỏ ở Sa Pa_92
Tin tức, hình ảnh, video clip mới nhất về trang phục người Dao đỏ_93
Độc đáo nghệ thuật trang trí hoa văn trên trang phục của người Dao Đỏ_94
Nét đẹp văn hóa trong trang phục dân tộc Dao_95
Dao Đỏ_96
Độc đáo trang phục cô dâu trong lễ cưới của người Dao đỏ_97
Nét đặc sắc hoa văn trên trang phục người Dao ở Cao Bằng - Báo Cao Bằng  điện tử_98
Á hậu Bảo Ngọc hóa thân thành 'Cô em dao đỏ' tại Hoa hậu Liên lục địa 2022_99
Độc đáo trang phục dân tộc Dao: Nghệ thuật trong từng đường kim đi_100
Độc đáo trang phục người Dao Lô Gang_101
Độc đáo trang phục người Dao Yên Bái_102
Sắc màu trang phục các dân tộc Dao - Đài Phát Thanh và Truyền Hình Lạng Sơn_103
Tuyên Quang: Bảo tồn trang phục truyền thống của người Dao đỏ_104
Làng Văn hóa - Du lịch các dân tộc Việt Nam_105
Độc đáo trang phục của người Dao Đỏ_106
Độc đáo những chiếc váy cô dâu Dao đỏ giá bạc triệu_107
Interactive) Nét độc đáo trong trang phục truyền thống của người Dao đỏ_108
Kinh Doanh Trang Phục Dân Tộc Truyền Thống Tộc Dao Đỏ Cao Mã Pờ - Hà Giang_109
Nét đặc sắc trong trang phục người Dao đỏ_110
Nét đẹp trang phục dân tộc Dao tỉnh Lạng Sơn_111
Những Điều Bạn Cần Về Trang Phục Dân Tộc Dao_112
Nét độc đáo trong trang phục dân tộc Dao đỏ ở Tây Bắc_113
Người Dao đỏ - Khách sạn Sapa_114
Đặc sắc trang phục truyền thống dân tộc Dao ở Tiên Yên - Báo Quảng Ninh  điện tử_115
Hãy giữ gìn nét đẹp trang phục người Dao đỏ_116
Nghề thêu của người Dao_117
Trang phục truyền thống của người Dao Thái Nguyên: Giá trị văn hóa phi vật  thể đang được lưu giữ - Báo Thái Nguyên điện tử_118
Trang Phục Dân Tộc Dao Nữ – Sand Outfit_119
Trang phục người dân tộc Dao Tiền_120
Sắc màu thổ cẩm của người Dao đỏ_121
NÉT ĐỘC ĐÁO TRONG TRANG PHỤC TRUYỀN THỐNG CỦA PHỤ NỮ DAO ĐỎ Ở ĐẮK LẮK_122
Cao Bằng: Khảo sát, nghiên cứu di sản trang phục truyền thống của người Dao  Đỏ | Báo Dân tộc và Phát triển_123
Độc đáo trang phục của người Dao Tiền ở Sơn La_124
Độc đáo trang phục thổ cẩm của người Dao Đỏ_125
Cho thuê trang phục dân tộc Dao nữ màu đỏ_126
Nét hiện đại trong trang phục người Dao đỏ_127
Bí quyết đưa thuật trang trí trên trang phục truyền thống của người Dao đỏ  thành di sản quốc gia_128
Làng Văn hóa - Du lịch các dân tộc Việt Nam_129
Xã Thổ Bình giữ gìn trang phục dân tộc Người Dao đỏ_130
Biểu tượng nghệ thuật của người Dao - Heritage Vietnam Airlines_131
Nét đẹp trong trang phục truyền thống của người Dao đỏ xã Ngọc Phái_132
KHẢO SÁT, NGHIÊN CỨU DI SẢN VĂN HOÁ PHI VẬT THỂ VỀ TRANG PHỤC TRUYỀN THỐNG  CỦA NGƯỜI DAO ĐỎ_133
Đặc sắc đám cưới người Dao đỏ ở Khai Trung_134
Nét đẹp văn hóa của trang phục người Dao Quần Chẹt_135
Hà Giang: Sắc màu độc đáo trong trang phục của phụ nữ Dao đỏ_136
Trang phục rực rỡ của người Dao Đỏ_137
Trang phục phụ nữ dân tộc Dao ở Khe Rịa - Báo Thái Nguyên điện tử_138
Cô Em Dao Đỏ' là trang phục dân tộc của Á hậu Bảo Ngọc_139
Photo - Nghề dệt thổ cẩm của người Dao đỏ ở Hoàng Su Phì_140
Sặc sỡ trang phục cô dâu, chú rể người Dao Thanh Y Quảng Ninh - Báo Quảng  Ninh điện tử_141
Đưa trang phục truyền thống thành hàng hóa_142
Dân Tộc Dao Đỏ Ở Sapa Lào Cai_143
Sắc màu văn hoá dân tộc Dao lan toả trong Ngày hội Văn hóa dân tộc Dao toàn  quốc lần thứ II - Xuất bản thông tin_144
Nét đẹp văn hóa trên trang phục người Dao_145
Nét văn hóa truyền thống trang phục của người Dao đỏ_146
Nền Phụ Nữ Dân Tộc Dao đỏ Bộ Lạc Trang Phục Cạo Hình Chụp Và Hình ảnh Để  Tải Về Miễn Phí - Pngtree_147
NÉT ĐỘC ĐÁO TRONG TRANG PHỤC TRUYỀN THỐNG CỦA PHỤ NỮ DAO ĐỎ Ở ĐẮK LẮK_148
Dân tộc Dao_149
Tái hiện Lễ đón dâu trong đám cưới của dân tộc Dao Đỏ tại Hà Nội_150
Trang Phục Dân Tộc Dao - 01 - Trang Phục Biểu Diễn Ánh Sáng_151
Độc đáo trang phục thổ cẩm của người Dao Đỏ_152
Độc đáo trang phục đám cưới truyền thống - Báo Cao Bằng điện tử_153
Tuyên Quang: Bảo tồn trang phục truyền thống của người Dao đỏ_154
Độc đáo những chiếc váy cô dâu Dao đỏ giá bạc triệu_155
Nét hiện đại trong trang phục người Dao đỏ_156
Mũ Dân Tộc Dao – Sand Outfit_157
Nét đẹp văn hóa trong trang phục dân tộc Dao qua ống kính của nhiếp ảnh gia  Nguyễn Sơn Tùng_158
Bảo tồn và phát triển trang phục dân tộc Dao đỏ_159
Sắc màu trang phục các dân tộc Dao - Đài Phát Thanh và Truyền Hình Lạng Sơn_160
Trang phục dân tộc Dao - Thời Trang Daily_161
Cổng thông tin đối ngoại tỉnh Lào Cai_162
Làng Văn hóa - Du lịch các dân tộc Việt Nam_163
Tuyên Quang: Người Dao Thanh Y xã Tân Tiến giữ gìn bản sắc trang phục  truyền thống | Báo ảnh Dân tộc và Miền núi_164
Lâm Bình giữ gìn trang phục truyền thống của người Dao đỏ_165
Nét đẹp trang phục người Dao đỏ Lục Yên_166
Bí quyết đưa thuật trang trí trên trang phục truyền thống của người Dao đỏ  thành di sản quốc gia_167
Văn hóa Dân tộc: Nghệ thuật trang trí hoa văn trang phục người Dao đỏ > Đài  phát thanh và truyền hình Vĩnh Phúc_168
Nét văn hóa độc đáo trong trang phục của người Dao Lô-Gang ở Võ Nhai_169
Nét đẹp văn hóa trên trang phục truyền thống của người Dao Đỏ - Nét đẹp văn  hóa trên trang phục - Studocu_170
Người Dao Đỏ Ở Cao Nguyên Đá - Heritage Vietnam Airlines_171
Bảo tồn, phát huy nét đẹp trang phục của dân tộc Dao Quần chẹt_172
Dân Tộc Dao Đỏ Ở Sapa Lào Cai_173
Người Dao Đỏ ở Bản Biến giữ nét văn hóa truyền thống_174
Biểu tượng mặt trời trên trang phục của dân tộc Dao đỏ_175
Bộ trang sức bằng bạc của người Dao đỏ_176
Độc đáo chiếc khăn choàng thổ cẩm dân tộc Dao đỏ -_177
Những hình ảnh đẹp đón Tết cổ truyền của người Dao đỏ ở Yên Bái_178
Nghề dệt thổ cẩm dân tộc Dao đỏ Hoàng Su Phì - Báo Hà Giang điện tử_179
Cổng thông tin du lịch tỉnh Lào Cai_180
Nòng cốt giữ gìn bản sắc văn hóa dân tộc Dao_181
Cô Em Dao Đỏ' là trang phục dân tộc của Á hậu Bảo Ngọc_182
Nét độc đáo trong trang phục truyền thống của người Dao đỏ_183
Hà Giang: Sắc màu độc đáo trong trang phục của phụ nữ Dao đỏ_184
Đi tìm ý nghĩa của quả bông len sặc sỡ trong trang phục của người Dao đỏ_185
Phan Hiển, Khánh Thi tái hiện đám cưới của người Dao Đỏ ở Tây Bắc_186
Đặc sắc đám cưới người Dao đỏ ở Khai Trung_187
Người Dao – Wikipedia tiếng Việt_188
Ấn tượng với trang phục của người Dao Đỏ ở Sa Pa_189
Trang phục dân tộc Dao - Thời Trang Daily_190
Tuyên Quang: Bảo tồn trang phục truyền thống của người Dao đỏ_191
Người góp phần bảo tồn nét văn hóa đặc sắc của người Dao đỏ ở Bắc Kạn - Môi  trường Du lịch_192
Đặc sắc làn điệu Coóng Dung của người Dao Đỏ ở Cao Bằng_193
Nét đẹp trong trang phục truyền thống của các dân tộc ở Bắc Kạn_194
Vẻ đẹp văn hóa trên trang phục người Dao quần chẹt_195
Độc đáo lễ cưới người Dao đỏ ở Tràng Định - Báo Lạng Sơn điện tử - Báo Lạng  Sơn điện tử_196
Nghệ thuật trang trí trang phục người Dao đỏ là Di sản văn hóa phi vật thể  quốc gia - Tuổi Trẻ Online_197
Sắc xuân trên trang phục phụ nữ dân tộc Lô Lô đen và Dao Đỏ - Báo Cao Bằng  điện tử_198
Độc đáo nghệ thuật trang trí hoa văn trên trang phục của người Dao Đỏ_199
Dân tộc Dao ở Việt Nam_200
Nét độc đáo của trang phục dân tộc thiểu số - Binh Phuoc, Tin tuc Binh  Phuoc, Tin mới tỉnh Bình Phước_201
Văn hóa và Phát triển Nguồn nước của người Dao đỏ - Cục Quản lý tài nguyên  nước_202
Người phụ nữ Dao đỏ có đôi tay tài hoa_203
Độc đáo trang phục dân tộc Dao: Nghệ thuật trong từng đường kim đi_204
Nét đẹp văn hóa trong trang phục dân tộc Dao qua ống kính của nhiếp ảnh gia  Nguyễn Sơn Tùng_205
Lễ hội Cấp sắc Hà Giang độc đáo của dân tộc Dao đỏ_206
Đám cưới của người Dao đỏ_207
Trang phục 54 dân tộc (lẻ) Dao đỏ áo dài hoa cổ, đai tua rua_208
Trang chủ - Làng Việt_209
Chuẩn bị nước rút cho Ngày hội Văn hóa dân tộc Dao toàn quốc và Lễ hội  Thành Tuyên_210
TRANG PHỤC NỮ DAO ĐỎ_211
Xu hướng biến đổi trong hôn nhân của người Dao Đỏ ở Cao Bằng hiện nay_212
Giữ gìn nghề chạm bạc truyền thống của đồng bào Dao đỏ_213
Nền đồ Trang Sức Phụ Nữ Dân Tộc Dao đỏ Dân Gian Châu Á Hình Chụp Và Hình  ảnh Để Tải Về Miễn Phí - Pngtree_214
Lễ “dâu nhập gia, rể thêm tên” của người Dao đỏ_215
Độc đáo những chiếc váy cô dâu Dao đỏ giá bạc triệu_216
Độc đáo trang phục của người Dao Đỏ_217
Nét độc đáo của trang phục dân tộc thiểu số_218
Điện Biên: Dân tộc Dao (ngành Dao đỏ) trên vùng cao Tây Bắc - Ảnh thời sự  trong nước - Văn hoá & Xã hội - Thông tấn xã Việt Nam (TTXVN)_219
Du xuân trên bản người Dao tại Cao Bằng_220
Sắc màu trang phục các dân tộc Dao - Báo VnExpress Du lịch_221
Bắc Kạn: Người phụ nữ nặng lòng với trang phục dân tộc Dao - Cổng Thông Tin  Hội Liên hiệp Phụ nữ Việt Nam_222
Người góp phần gìn giữ bản sắc văn hóa dân tộc Dao ở Bản Cuôn_223
TRANG PHỤC NỮ DAO ĐỎ_224
Hứa hẹn đặc sắc Ngày hội văn hóa dân tộc Dao Tân Phượng_225
Lễ Hội Việt Nam Truyền Thống: Lễ Cấp Sắc Của Người Dao Đỏ_226
Giữ gìn bản sắc văn hóa dân tộc Dao đỏ_227
Nội san - KHAI THÁC HỌA TIẾT TRÊN TRANG PHỤC CỦA NGƯỜI DAO ĐỎ SAPA VÀO  THIẾT KẾ TRANG PHỤC BIỂU DIỄN_228
Lễ cưới truyền thống của người Dao đỏ_229
Về Tây Bắc tham dự lễ hội cấp sắc của người Dao Đỏ_230
Người Dao Đỏ ở Bản Biến giữ nét văn hóa truyền thống_231
Những Điều Bạn Cần Về Trang Phục Dân Tộc Dao_232
Bảo tồn trang phục dân tộc: Giữ gìn bản sắc, phát huy giá trị - Báo Lạng  Sơn điện tử - Báo Lạng Sơn điện tử_233
Người gìn giữ nét đẹp văn hóa dân tộc Dao ở Hải Hà - Báo Quảng Ninh điện tử_234
Hát giao duyên với người Dao Đỏ - Tuổi Trẻ Online_235
Nét đẹp trang phục của người Dao đỏ_236
Chân Dung Người Phụ Nữ Dân Tộc Dao Đỏ Trong Trang Phục Truyền Thống Và Giỏ  Trên Lưng Trong Rừng Tre Sương Mù Ở Lào Cai Việt Nam Hình ảnh Sẵn có -_237
Lào Cai: Độc đáo trang phục phụ nữ các dân tộc vùng cao | Thời Đại_238
Người Dao Đỏ ở Bản Biến giữ nét văn hóa truyền thống_239
Phan Hiển, Khánh Thi tái hiện đám cưới của người Dao Đỏ ở Tây Bắc_240
Nét đẹp văn hóa trên trang phục người Dao_241
Ngày xuân khám phá trang phục của phụ nữ Dao, Hà Nhì_242
Độc đáo nghi thức đám cưới của người Dao quần trắng ở Yên Bái_243
Nét đẹp văn hóa trên trang phục truyền thống của người Dao Đỏ - Nét đẹp văn  hóa trên trang phục - Studocu_244
Độc đáo trang phục của người Dao đỏ ở Lào Cai - www.dulichvn.org.vn_245
Tuyên Quang: Đặc sắc trang phục của người Dao Đỏ - Ảnh thời sự trong nước -  Văn hoá & Xã hội - Thông tấn xã Việt Nam (TTXVN)_246
Độc đáo trang phục cô dâu trong lễ cưới của người Dao đỏ_247
Ngắm những bộ trang phục dân tộc do Nguyễn Minh Công làm mentor thắng giải  quốc tế_248
Hà Giang: Sắc màu độc đáo trong trang phục của phụ nữ Dao đỏ_249
Độc đáo trang phục của người Dao Tiền ở Sơn La_250
Á hậu Bảo Ngọc dùng trang phục dân tộc của thí sinh Miss Grand Vietnam -  2sao_251
Sắc màu dân tộc Dao - Xuất bản thông tin_252
Người Dao đỏ mong ước cuộc sống ấm no trong lễ cầu mùa_253
Độc đáo điệu múa chuông của người Dao đỏ_254
Đặc sắc đám cưới người Dao đỏ ở Khai Trung_255
Dân Tộc Dao Đỏ Ở Sapa Lào Cai_256
TRANG PHỤC NỮ DAO ĐỎ_257
Nét văn hóa cấp sắc của dân tộc Dao - Xuất bản thông tin_258
Pháo hung” - Vũ điệu dâng hương trong lễ cấp sắc Tẩu Sai (lễ 12 đèn) của  người Dao Đỏ - Báo Cao Bằng điện tử_259
Độc đáo trang phục của người Dao Tiền Bắc Kạn - Tinkinhte.com - Thông tin  kinh tế tài chính Việt Nam và thế giới_260
Nét độc đáo trong trang phục của người phụ nữ Bình Liêu_261
Phụ Nữ Dân Tộc Dao Đỏ Việt Nam Trong Trang Phục Truyền Thống Và Giỏ Trên  Lưng Trong Rừng Tre Sương Mù Ở Lào Cai Việt Nam Hình ảnh Sẵn có -_262
Cô Em Dao Đỏ của Bảo Ngọc chễm chệ đứng đầu bảng xếp hạng Sash Factor_263
Tác phẩm Sắc màu người Dao đỏ - Happy Vietnam!_264
Người Dao đỏ, Tin tức, hình ảnh và video mới nhất về Người Dao đỏ -  toquoc.vn_265
Người Dao Đỏ Ở Cao Nguyên Đá - Heritage Vietnam Airlines_266
Độc đáo trang phục người Dao đỏ_267
Độc đáo lễ cưới của người Dao đỏ Huổi Sâu_268
Biểu tượng mặt trời trên trang phục của dân tộc Dao đỏ_269
Á hậu Bảo Ngọc mang cô em Dao đỏ đến Miss Intercontinental 2022._270
Nghệ thuật trang trí trên trang phục truyền thống của người Dao Đỏ ở Tuyên  Quang_271
Bảo tồn di sản văn hóa phi vật thể của người Dao Đỏ ở Bắc Kạn_272
Trang phục dân tộc của Bảo Ngọc ở Hoa hậu Liên lục địa_273
Trang chủ - Làng Việt_274
Trang phục truyền thống của người Dao Đỏ_275
NÉT ĐỘC ĐÁO TRONG TRANG PHỤC TRUYỀN THỐNG CỦA PHỤ NỮ DAO ĐỎ Ở ĐẮK LẮK_276
Nét đẹp trong trang phục của người Dao Quần trắng_277
Độc đáo nghề thêu thổ cẩm của người Dao Đỏ ở Tả Phìn_278
VCBG I NÉT ĐẸP TRONG TRANG PHỤC NGƯỜI DAO ĐỎ BẮC KẠN_279
Trang phục nam của một số dân tộc vùng Tây Bắc_280
Độc đáo trang phục cô dâu trong lễ cưới của người Dao đỏ_281
Hà Giang: Di sản văn hóa dân tộc Dao trong phát triển du lịch bền vững -  Môi trường Du lịch_282
Những Điều Bạn Cần Về Trang Phục Dân Tộc Dao_283
Tuyên Quang: Bảo tồn trang phục truyền thống của người Dao đỏ_284
Nghề làm giấy dó của người Dao đỏ: dấu ấn văn hóa tâm linh độc đáo_285
Độc đáo trang phục dân tộc Dao: Nghệ thuật trong từng đường kim đi_286
Độc đáo lễ cưới của người Dao đỏ Văn Bàn (Lào Cai) - Cục Du lịch Quốc Gia  Việt Nam_287
Phụ nữ thôn Bản Lục giữ gìn bản sắc văn hóa_288
Độc đáo với trang phục phụ nữ Tây Bắc - Báo Đồng Nai điện tử_289
Đặc sắc đám cưới người Dao đỏ ở Khai Trung - Báo Lạng Sơn điện tử - Báo  Lạng Sơn điện tử_290
Á hậu Bảo Ngọc dùng trang phục dân tộc của thí sinh Miss Grand Vietnam -  2sao_291
Trang phục dân tộc_292
Nét đặc sắc trong trang phục người Dao đỏ_293
Trang phục dân tộc Việt Nam tỏa sáng tại Tuần lễ thời trang trẻ em quốc tế  Thái Lan_294
Đón khách du lịch với Cung đường di sản văn hóa người Dao đỏ_295
Nét đẹp văn hóa trên trang phục người Dao_296
Về Tây Bắc tham dự lễ hội cấp sắc của người Dao Đỏ_297
Dân Tộc Dao Đỏ Ở Sapa Lào Cai_298
Ảnh Phụ nữ các dân tộc Lai Châu - Du lịch Lai Châu_299
Độc đáo lễ cấp sắc của người Dao đỏ ở Yên Bái_300
Ấn tượng với trang phục của người Dao Đỏ ở Sa Pa_301
Cổng thông tin đối ngoại tỉnh Lào Cai_302
Nghệ thuật trang trí trên trang phục của người Dao đỏ là di sản Quốc gia_303
Vài nét khác biệt trong trang phục của người Dao Đỏ_304
Độc đáo trang phục dân tộc Dao: Nghệ thuật trong từng đường kim đi_305
Bài viết mới_306
Tác phẩm Đôi bạn già người Dao đỏ - Happy Vietnam!_307
Nét hiện đại trong trang phục người Dao đỏ_308
Ấn tượng trang sức bạc trên trang phục truyền thống của phụ nữ Dao đỏ_309
Lễ cấp sắc của người Dao Đỏ - Cột mốc quan trọng của người vùng cao_310
Đám cưới dân tộc Dao đỏ - Báo Cao Bằng điện tử_311
Độc đáo trang phục cô dâu trong lễ cưới của người Dao đỏ_312
Tái hiện đám cưới của dân tộc Dao Đỏ tại Thủ đô Hà Nội_313
Các phong tục lạ trong đám cưới của người Dao Đỏ - iVIVU.com_314
Trang phục dân tộc Dao - Thời Trang Daily_315
Tuyên Quang: Bảo tồn trang phục truyền thống của người Dao đỏ_316
Nền Người Phụ Nữ Dân Tộc Dao đỏ Văn Hóa Dân Gian Miền Núi Phía Bắc Hàng  Tuần Hình Chụp Và Hình ảnh Để Tải Về Miễn Phí - Pngtree_317
Độc đáo lễ chê sết dịp cuối năm của người Dao đỏ_318
Giữ gìn bản sắc đám cưới người Dao ở Lũng Slàng, Tri Phương_319
Triển lãm “Đặc trưng văn hóa dân tộc Dao trong cộng đồng các dân tộc Việt  Nam” - Tin mới - Thị trấn Trại Cau_320
Trang phục – bản sắc riêng của dân tộc Dao đỏ_321
Vẻ đẹp của phụ nữ các dân tộc thiểu số Lai Châu_322
Điện Biên: Dân tộc Dao (ngành Dao đỏ) trên vùng cao Tây Bắc - Ảnh thời sự  trong nước - Văn hoá & Xã hội - Thông tấn xã Việt Nam (TTXVN)_323
Văn hóa “gùi” của người Dao ở Bản Ba_324
Sắc màu trang phục các dân tộc Dao - Báo VnExpress Du lịch_325
Độc đáo trang phục dân tộc Dao: Nghệ thuật trong từng đường kim đi_326
Tục ở rể của người Dao Đỏ_327
Đám cưới của người Dao đỏ_328
Chợ tình đêm độc đáo của người Dao, người Mông ở Sa Pa_329
Dân Tộc Dao Đỏ Ở Sapa Lào Cai_330
Hà Giang: Lễ hội Bàn Vương - nét văn hóa đặc sắc của dân tộc Dao - Môi  trường Du lịch_331
Triệu Thị Hà làm thiếu nữ dân tộc xinh tươi_332
Người Dao đỏ mong ước cuộc sống ấm no trong lễ cầu mùa_333
Trang phục phụ nữ Dao Thanh y_334
Biểu tượng mặt trời trên trang phục của dân tộc Dao đỏ_335
Theo chân các nhiếp ảnh gia Việt tìm hiểu nét văn hóa đặc sắc của người Dao  Đỏ ở Bản Khoang_336
Hình ảnh những người Dao Đỏ sở hữu mái tóc dài nhất thế giới lên tới 2 mét_337
Người Dao Đỏ ở Bản Biến giữ nét văn hóa truyền thống_338
Văn hóa - Cổng thông tin điện tử Tỉnh Cao Bằng_339
Lễ cấp sắc của dân tộc Dao đỏ - Báo Cao Bằng điện tử_340
Lễ cưới của người Dao đỏ thôn Lũng Slàng_341
Khai mạc Không gian trưng bày giới thiệu văn hóa truyền thống các dân tộc -  Báo Lâm Đồng điện tử_342
Giữ gìn nét đẹp trang phục truyền thống dân tộc Dao tại các trường học ở xã  Ái Quốc - Báo Lạng Sơn điện tử - Báo Lạng Sơn điện tử_343
Nét đặc sắc dân tộc Dao ở Thái Nguyên - Thông báo - Phường Hương Sơn_344
Lễ hội Cấp sắc Hà Giang độc đáo của dân tộc Dao đỏ_345
Tổ chức Ngày hội văn hóa dân tộc Dao lần II tại Thái Nguyên - Báo Công an  Nhân dân điện tử_346
Bảo tồn và phát triển trang phục dân tộc Dao đỏ_347
Du xuân trên bản người Dao tại Cao Bằng - www.dulichvn.org.vn_348
CapCut_hát người dân tộc dao đỏ cao bằng_349
Độc đáo trang phục thiếu nữ Dao - Tuổi Trẻ Online_350
Phong tục nhuộm trứng đầu năm mới của người Dao ở huyện Sìn Hồ_351
Ruộng bậc thang và nghi lễ cầu mùa của người Dao đỏ_352
ẢNH] Người Dao ở Sa Pa_353
Trao giải Liên hoan văn hóa văn nghệ dân gian và trình diễn trang phục dân  tộc_354
Nét đẹp trong trang phục dân tộc Dao đỏ ở Lai Châu_355
Độc đáo trang phục dân tộc Dao: Nghệ thuật trong từng đường kim đi_356
Khơi dậy lòng tự hào về văn hóa dân tộc - Báo Thái Nguyên điện tử_357
Trang phục truyền thống của dân tộc Dao_358
Khai mạc Chuỗi sự kiện Văn hóa, thể thao, du lịch huyện Nguyên Bình năm 2023_359
Người Dao đỏ, Tin tức, hình ảnh và video mới nhất về Người Dao đỏ -  toquoc.vn_360
Lễ cấp sắc của người Dao Khâu_361
Tác phẩm NÉT ĐẸP BẢN SẮC DÂN TỘC DAO ĐỎ LÀO CAI - Happy Vietnam!_362
Nét đặc sắc hoa văn trên trang phục người Dao ở Cao Bằng - Báo Cao Bằng  điện tử_363
Chiêm ngưỡng 9 bộ trang phục dân tộc từng được người đẹp Việt Nam mang dự  thi quốc tế_364
Cẩm nang du lịch - Trang thông tin điện tử Trung tâm xúc tiến đầu tư tỉnh  Tuyên Quang_365
Người nắm giữ bí kíp thêu truyền thống của người Dao đỏ Bắc Kạn_366
Góc ảnh: Độc đáo trang phục của thiếu nữ dân tộc (P2) | Giáo dục Việt Nam_367
Ìu Miền Zùng dân tộc Dao đỏ Cao Bằng. Du lịch khám phá dân ca dân tộc Dao  đỏ Cao Bằng quê hương tôi_368
Thêm 2 tập quán tín ngưỡng của Hà Giang được công nhận Di sản văn hóa phi  vật thể_369
Ấn tượng với trang phục của người Dao Đỏ ở Sa Pa_370
Dân tộc thiểu số mới quần áo nam dành cho người lớn Vân Nam trẻ em_371
Á hậu Lê Thị Khánh Vân hóa thân thành cô gái dân tộc Dao Đỏ - Đời sống và  Phát triển Online_372
Phụ Nữ Dân Tộc Dao Đỏ Trong Trang Phục Truyền Thống Và Giỏ Trên Lưng Trong  Rừng Tre Sương Mù Ở Lào Cai Việt Nam Hình ảnh Sẵn có - Tải xuống_373
Độc đáo trang phục cô dâu trong lễ cưới của người Dao đỏ_374
Trang phục truyền thống của phụ nữ Dao Đỏ tỉnh Bắc Kạn - www.dulichvn.org.vn_375
Cô Em Dao Đỏ' là trang phục dân tộc của Á hậu Bảo Ngọc_376
Độc đáo trang phục thiếu nữ Dao - Tuổi Trẻ Online_377
Kinh Doanh Trang Phục Dân Tộc Truyền Thống Tộc Dao Đỏ Cao Mã Pờ - Hà Giang_378
Người Dao Đỏ ở Bản Biến giữ nét văn hóa truyền thống_379
Nét độc đáo trong văn hóa người Dao quần trắng_380
Chiêm Hóa nâng niu, bảo tồn trang phục, tiếng nói trong cộng đồng các dân  tộc_381
Diệp Lâm Anh hoá cô gái Dao đỏ đẹp nhất - Hậu trường Sao_382
Làng Văn hóa - Du lịch các dân tộc Việt Nam_383
Giữ gìn nét đẹp văn hóa truyền thống qua Hội thi thêu hoạ tiết hoa văn trên trang  phục người Dao đỏ xã Đường Hồng (Bắc Mê) lần thứ nhất_384
Nét đẹp văn hóa trên trang phục người Dao_385
Độc đáo trang phục truyền thống các dân tộc thiểu số Cao Bằng - Báo Cao  Bằng điện tử_386
Nà Lạ giữ bản sắc dân tộc Dao Đỏ_387
Đặc sắc nghệ thuật trang trí trên trang phục truyền thống của người Dao đỏ  ở Tuyên Quang - Ảnh thời sự trong nước - Đất nước & Con người - Thông_388
Người Dao Thanh Y xã Chiêu Yên giữ gìn bản sắc trang phục truyền thống_389
Lễ cấp sắc của người Dao Lù Đạng ở huyện Bình Gia_390
Lễ hội Cấp sắc Hà Giang độc đáo của dân tộc Dao đỏ_391
Nét đẹp văn hóa trên trang phục truyền thống của người Dao Đỏ_392
Nhận diện tộc người qua chiếc mũ của phụ nữ_393
Độc đáo trang phục dân tộc Dao: Nghệ thuật trong từng đường kim đi_394
Người phụ nữ góp phần bảo tồn trang phục truyền thống dân tộc Dao_395
Trình diễn trang phục truyền thống dân tộc - Báo Lâm Đồng điện tử_396
Hoàng hôn: Trang phục truyền thống của dân tộc_397
DÒNG CHẢY VĂN HÓA DÂN GIAN - VĂN HÓA NGƯỜI DAO ĐỎ - NGÀY 24-3-2022 - YouTube_398
Tuyên Quang: Bảo tồn trang phục truyền thống của người Dao đỏ_399
Trang phục Tây Bắc nam giới của dân tộc: Mông, Dao, Thái_400
Trang phục dân tộc của Bảo Ngọc ở Hoa hậu Liên lục địa_401
Trang phục người Dao: Sự tinh tế trên từng đường kim, mũi chỉ | Báo Dân tộc  và Phát triển_402
Cách làm du lịch của người Dao_403
Á hậu Lê Thị Khánh Vân hóa thân thành cô gái dân tộc Dao Đỏ - Đời sống và  Phát triển Online_404
Trang phục rực rỡ của người Dao Đỏ_405
Tuyên Quang: Đặc trưng trang sức bạc trên trang phục truyền thống người Dao  Tiền - Ảnh thời sự trong nước - Văn hoá & Xã hội - Thông tấn xã Việt Nam  (TTXVN)_406
Độc đáo trang phục cô dâu trong lễ cưới của người Dao đỏ_407
Trải nghiệm lễ hội cấp sắc của người Dao Đỏ tại vùng Tây Bắc_408
Lễ cấp sắc 12 đèn của dân tộc Dao Đỏ Lào Cai - Vietnam.vn_409
Phát triển văn hóa vùng dân tộc thiểu số ở nước ta hiện nay - Tạp chí Tuyên  giáo_410
Góc ảnh: Độc đáo trang phục của thiếu nữ dân tộc (P4) | Giáo dục Việt Nam_411
Nhận diện tộc người qua chiếc mũ của phụ nữ_412
Trang phục truyền thống dân tộc Dao ở đây đạt chuẩn OCOP_413
Nét hiện đại trong trang phục người Dao đỏ_414
Ngày xuân cảm nhận tục cấp sắc người Dao Đỏ_415
Nét độc đáo của trang phục dân tộc thiểu số_416
Nét đẹp văn hóa trên trang phục truyền thống của người Dao Đỏ_417
Giáo án điện tử mĩ thuật 4 chân trời bản 1 CĐ 4 Bài 2: Nhân vật với trang  phục dân tộc | Bài giảng điện tử Mĩ thuật 4 chân trời sáng tạo (bản 1) |  Kenhgiaovien.com_418
Tuyên Quang: Bảo tồn trang phục truyền thống của người Dao đỏ_419
Vẻ đẹp phụ nữ vùng cao trong trang phục truyền thống_420
Nét đặc sắc dân tộc Dao ở Thái Nguyên - Thông báo - Phường Hương Sơn_421
Đến bản Tả Phìn, trải nghiệm tắm lá thuốc người Dao Đỏ - Du Lịch Tây Bắc_422
Trang Phục 56 Dân Tộc Thiểu Số Trang Phục Biểu Diễn Trẻ Em Quần Áo Gia_423
TTV) Lễ đón nhận Bằng công nhận nghệ thuật trang trí trên trang phục truyền  thống của người Dao đỏ là Di sản văn hóa phi vật thể Quốc gia - Đài_424
Bảo tồn trang phục truyền thống của người Dao Quần chẹt_425
Vinschool - SẮC THÁI ĐỘC ĐÁO TRONG TRANG PHỤC CỦA NGƯỜI DAO TÂY BẮC (Trang  phục Người Dao Đỏ, trang phục người Dao trắng và 1 bộ Dao nam) Áo, yếm, xà_426
Ngày xuân khám phá trang phục nhuộm chàm của người Dao ở Vân Hồ_427
Độc đáo trang phục cô dâu trong lễ cưới của người Dao đỏ_428
Nhận diện tộc người qua chiếc mũ của phụ nữ_429
Lễ cưới của người Dao đỏ thôn Lũng Slàng_430
ĐIỂM NHẤN VĂN HÓA TRONG TRANG PHỤC CỦA NGƯỜI DAO ĐỎ - YouTube_431
Phụ nữ Dao đỏ nhổ tóc làm... đẹp_432
Cô dâu xinh đẹp trong lễ cưới của người Dao đỏ_433
Bảo tồn và phát triển trang phục dân tộc Dao đỏ_434
Nét đẹp trong lễ cưới của người Dao đỏ_435
Cô Em Dao Đỏ của Bảo Ngọc chễm chệ đứng đầu bảng xếp hạng Sash Factor_436
Top 15 Thiết kế trang phục dân tộc tại Miss Universe_437
Đặc sắc điệu múa Bắt rùa của người Dao đỏ - www.dulichvn.org.vn_438
Lễ cấp sắc của người Dao Đỏ - Cột mốc quan trọng của người vùng cao_439
Độc đáo trang phục dân tộc Dao: Nghệ thuật trong từng đường kim đi_440
Về Tây Bắc tham dự lễ hội cấp sắc của người Dao Đỏ_441
Tục kéo vợ của người Dao đỏ ở Mồ Sì San - Vietnam.vn_442
Liên hoan nghệ thuật quần chúng và trình diễn trang phục truyền thống các dân  tộc vùng Đông Bắc - Ảnh thời sự trong nước - Văn hoá & Xã hội -_443
Sắc màu trang phục các dân tộc Dao - Báo VnExpress Du lịch_444
Người Dao xã Thượng Yên Công: Chú trọng bảo tồn các giá trị văn hoá - Báo  Quảng Ninh điện tử_445
Giáo án điện tử mĩ thuật 4 chân trời bản 1 CĐ 4 Bài 2: Nhân vật với trang  phục dân tộc | Bài giảng điện tử Mĩ thuật 4 chân trời sáng tạo (bản 1) |  Kenhgiaovien.com_446
Giữ gìn trang phục truyền thống trong đồng bào dân tộc ..._447
Nét hiện đại trong trang phục người Dao đỏ_448
Khai mạc Ngày hội văn hóa các dân tộc Dao xã Tân Phượng_449
Giữ gìn nét đẹp văn hóa truyền thống qua Hội thi thêu hoạ tiết hoa văn trên trang  phục người Dao đỏ xã Đường Hồng (Bắc Mê) lần thứ nhất_450
Rực rỡ sắc màu trong cuộc thi trình diễn trang phục các dân tộc Tây Bắc –  Bản tin Điện tử Họ Dương Việt Nam_451
Lễ mừng thọ của đồng bào Dao đỏ_452
Ấn tượng màn trình diễn trang phục các dân tộc huyện Bát Xát_453
Làng Văn hóa - Du lịch các dân tộc Việt Nam_454
Triển lãm chuyên đề Độc đáo lễ cấp sắc người Dao Thanh Y_455
TTV) Lễ đón nhận Bằng công nhận nghệ thuật trang trí trên trang phục truyền  thống của người Dao đỏ là Di sản văn hóa phi vật thể Quốc gia - Đài_456
Vui sống mỗi ngày @ blog: Những phụ nữ Dao Đỏ (sapa)_457
Lễ cưới của người Dao đỏ xứ Tuyên_458
Lễ cấp sắc của người Dao Đỏ - Cột mốc quan trọng của người vùng cao_459
Chị Triệu Thị Sỉnh gìn giữ nghề thêu truyền thống_460
Bảo tồn và phát huy những làn điệu dân ca dân tộc Dao đỏ - Báo Cao Bằng  điện tử_461
Nông Thúy Hằng hóa cô dâu Khmer, Ê Đê, Dao, Tày, Mông - Tuổi Trẻ Online_462
Nét đẹp văn hóa trên trang phục truyền thống của người Dao Đỏ_463
Người Dao đỏ đón tết_464
Độc đáo lễ Cấp sắc của người Dao đỏ_465
Hình ảnh những người Dao Đỏ sở hữu mái tóc dài nhất thế giới lên tới 2 mét_466
Lễ cấp sắc độc đáo của dân tộc Dao ở Tuyên Quang_467
Lễ cấp sắc của người Dao Đỏ - Cột mốc quan trọng của người vùng cao_468
Nét đặc sắc trong lễ cưới của người Dao đỏ ở Tuyên Quang_469
Làng Văn hóa - Du lịch các dân tộc Việt Nam_470
Nét hiện đại trong trang phục người Dao đỏ_471
TTV) Lễ đón nhận Bằng công nhận nghệ thuật trang trí trên trang phục truyền  thống của người Dao đỏ là Di sản văn hóa phi vật thể Quốc gia - Đài_472
Trải nghiệm lễ hội cấp sắc của người Dao Đỏ tại vùng Tây Bắc_473
Sở Văn hóa, Thể thao và Du lịch tỉnh Bắc Kạn_474
Gen Z Hà Nội gây sốt với game mô phỏng cuộc sống người Dao đỏ_475
Giá trị nghệ thuật trong trang phục của người Dao_476
Ươm mầm thêu trên đất Tây Nguyên_477
Tin tức, hình ảnh, video clip mới nhất về Lễ hội nhảy lửa người Dao đỏ_478
vanhoavietnam: Nét đẹp trang phục truyền thống dân tộc thiểu số Cao Bằng  (Trường Hà)_479
Lộ diện trang phục dân tộc của á hậu Bảo Ngọc tại Miss Intercontinental:  "Cô Em Dao Đỏ" rực sáng tại Ai Cập - MOLI Star_480
Lễ hội Ngày của bà của người Dao ở Trung Quốc_481
Độc đáo nét văn hóa đồng bào Dao Văn Yên_482
Nét đặc sắc trong trang phục của người Dao Tiền Tuyên Quang_483
