Áo dài tơ tằm Mỹ Lan - Trắng (chưa gồm quần)_1
Quần áo dài 699 – NEM FASHION_2
Áo dài trắng nữ sinh lụa tây thi_3
Áo dài gấm trắng thêu chỉ vàng AD T129_4
AT26B135 - Bộ áo dài tằm_5
Áo Dài Nữ F2 Lụa Trơn Xanh Hồn Việt - Không Kèm Quần_6
Set áo dài cách tân thêu hoa_7
Áo dài trơn trắng_8
Áo Dài Chính Đán_9
Áo Dài Cô Dâu Lụa Đỏ Vai Phối Lưới Hiện Đại_10
Áo dài truyền thống màu Vàng 03_11
Áo dài SD169-885-01_12
Set Áo Dài Tú Viên_13
Áo dài cách tân tà ngắn phối ngọc AD137_14
Áo dài Hoa Điều_15
Số phận khác biệt của áo dài nữ và áo dài nam khi đề xuất là quốc phục_16
TOP 11+ chất liệu áo dài ĐẸP sang trọng được ưa chuộng nhất_17
Áo Dài Lụa Ý Truyền Thống AD8013_18
Áo dài Đinh Hương hoa nhí vàng AD02753 – For Her Fashion_19
Áo dài Truyền thống Gấm Khuê Gia - Xanh lá đậm_20
Quần Áo Dài Thanh Lịch, Sang Trọng NKQU2312001_21
ÁO DÀI NHUNG ( XANH VÀ ĐỎ ) - Cổ Trang Hoàng Cung_22
Áo Dài Gấm Cách Tân Xanh Tay Phồng_23
Vigo đơn vị chuyên cho thuê áo dài. cưới tại HCM_24
Áo dài – Wikipedia tiếng Việt_25
Áo Dài Song Hỷ - 20SONGHY-VSH3_26
Áo Dài Cưới Cặp Đôi Gấm Trắng Kết Hạt Cao Cấp_27
ÁO DÀI SUÔNG XƯA LỤA TƠ TẰM TUYẾT LỆ | Phương Linh Silk_28
Áo dài tết màu đỏ tay lỡ_29
Áo dài dự tiệc áo choàng rời đính kết cao cấp | LAHAVA_30
Áo dài truyền thống lụa gấm AD107_31
Áo dài cách tân bé gái Econice E3wadg05_32
Quần áo dài đen QD02_33
Áo dài suông_34
Áo Dài Kết Cườm Hoa kèm quần_35
50+ Cách Tạo Dáng Với Áo Dài Dịu Dàng Thướt Tha Cho Nàng Nu Xuân| TIKI_36
Áo dài nữ nhung đỏ tươi (ADCDĐ4) – M.O.T Bridal – For Love, For Life_37
Áo Dài Cô Dâu Màu Đỏ Vẽ Tay Hình Hoa Sang - Áo Dài Trung Hiếu_38
Vigo chuyên cho thuê áo dài cưới tại HCM_39
Áo dài nhung xanh coban AD19_40
Áo dài lụa trắng hoa vàng leo có cổ_41
Áo dài truyền thống trẻ_42
Áo dài múa màu trắng hoa sen xanh - Hoài Giang shop_43
TẤM design - Áo dài thiết kế Đà Nẵng | Da Nang_44
Áo dài Việt Nam-giá trị và bản sắc_45
Áo Dài Lụa Xanh Lá Cây - Min Bridal_46
Áo dài cổ đỗ vai nơ - HD33_47
Áo dài tơ tằm Mỹ Lan - Xanh Cốm, Tím Than (chưa gồm quần)_48
Áo ngực mặc áo dài và bí kíp chọn mua có thể bạn chưa biết_49
TAC0418 Áo Dài Cách Tân Đồng Tiền Trắng Đỏ - Nữ_50
Vải Áo Dài Hoa Cúc Mới Ra AD TTAD3136 - Áo Dài Trung Hiếu_51
Áo dài Đoàn thanh niên - Cửa hàng thanh niên Cà Mau_52
Áo dài Như - Thương hiệu Thời trang LOUISA_53
Áo dài Kim - ADK05 - KIM COUTURE|THƯƠNG HIỆU VÁY CƯỚI THIẾT KẾ HÀNG ĐẦU TẠI  VIỆT NAM_54
BDA51048 - Áo dài cách tân vải gấm – Thời trang Pantio_55
Áo dài cách tân 03_56
Áo Dài Cát 4 Tà TT AD8035_57
ÁO DÀI CAM SỮA LỤA NHẬT 2 TÀ,4 TÀ_LINH GIANG | Shopee Việt Nam_58
Áo dài luxury-AC211_59
Áo dài nhung đẹp may sẵn phom dáng chuẩn chất liệu tốt nhất_60
Áo Dài Cách Tân Nữ vải gấm hoa | FM Style_61
Áo dài đỏ đô chiffon cổ truyền thống viền vàng tay dài_62
Áo Dài Đỏ Sao Vàng Tay Cánh Tiên – Sand Outfit_63
Áo dài - Wikipedia_64
Áo dài nhung cách điệu sang trọng | LAHAVA_65
Giá trị truyền thống được 'lên ngôi' cùng các mẫu áo dài sang trọng_66
Những mẹo hữu ích khi đi thuê áo dài ở Thành phố Hồ Chí Minh_67
Áo dài truyền thống 01 – Áo dài Việt Nam_68
Áo Dài Truyền Thống AZ09X - Áo Dài Ái AZ_69
Áo dài tết màu đỏ tay lỡ KK120-16 | Thời trang công sở K&K Fashion_70
Áo dài cách tân nữ Hồ Điệp dáng suông xưa Chaang may sẵn lụa xuông xanh tím  dự tiệc cưới hỏi hội nghị lễ tết đẹp ADC701 | Shopee Việt Nam_71
Áo Dài Cách Tân Nữ vải gấm hoa | FM Style_72
Áo dài luxury-AC121 - VÁY CƯỚI CAO CẤP LINH NGA BRIDAL_73
Áo Dài Lụa Trơn Xanh Cổ Vịt – GOSUMO.VN_74
Cặp áo dài cô dâu & chú rể nhung đỏ (ADCDĐ1 & ADCRĐ1) – M.O.T Bridal – For  Love, For Life_75
Vải áo dài lụa Thái Tuấn V0LTT – For Her Fashion_76
Áo dài cô dâu lụa trắng kết hỷ ADT208 Bống Maxishop_77
Áo dài Tay lửng dáng suông_78
Những "người mẫu" đặc biệt trong tà áo dài Việt Nam_79
Gợi ý loạt áo dài cách tân cực xinh dành cho mùa lễ tết cuối năm_80
Áo Dài Cách Tân Bé Gái - Đan Chi - BYZU - Áo Dài Cho Bé_81
Gợi Ý Mặc Áo Dài Mang Giày Gì Đẹp, Duyên Dáng? TIKI_82
Áo Dài Cô Dâu Lụa Đỏ Thêu Hoa Sen_83
Áo dài cách tân nữ Econice E3wadw03_84
Áo dài tay phồng phối họa tiết thêu đính nổi AD117_85
BDA50137 - Áo dài cách tân vải lụa tơ dáng suông hai lớp cổ cao 3cm – Thời  trang Pantio_86
Áo dài Ninh Vân – Xanh Cốm (chưa gồm quần) – The Kat | Cửa hàng thời trang  cao cấp_87
Áo dài cô dâu lụa đỏ 2 tà kết ngọc chòm cổ tay áo ADD252 Bống Maxishop_88
Áo dài đen bóng_Chaang_May sẵn áo dài truyền thống phi mềm, áo dài đẹp sang  | Lazada.vn_89
Áo dài đen truyền thống CHAANG May sẵn áo dài lụa, áo dài đẹp sang trang  trọng - Chaang.vn - Áo dài Đẹp may sẵn_90
Ai phản ứng với áo dài nam thường không hiểu về áo dài”_91
Áo Dài Lụa Ý Tay Bồng AD9174_92
Cách chọn những mẫu áo dài màu đen đẹp, THỜI THƯỢNG hiện nay_93
Áo dài nhung vàng - AD2316_94
Lịch sử áo dài Việt Nam_95
Cách Chọn Áo Dài Phù Hợp Với Dáng Người_96
Áo Dài Cách Tân Nữ Tay Xếp Bồng Phồng Đính Ngọc May Sẵn Lụa Tây Thi 2 Tà  Truyền Thống - Chaang.vn - Áo dài Đẹp may sẵn_97
Áo dài trắng đi học_Chaang_May sẵn vải áo dài màu trắng sứ xanh học sinh  cấp 3 | Lazada.vn_98
eMagazine] - Thuận Việt: Người đàn ông giữ hồn áo dài Việt_99
Áo Dài Cách Tân Nữ Tay Phồng Duyên Dáng Hiện Đại_100
Áo dài lụa Latin hồng phấn_101
Địa chỉ mua áo dài bán sẵn HCM ở đâu để vừa đẹp mà giá cả lại hợp lý?_102
Áo dài Truyền thống Tú Thanh_103
Áo dài dáng suông Cẩm Miên_104
Áo dài nhung cách điệu sang trọng | LAHAVA_105
Các Chất Liệu Vải May Áo Dài Đẹp Sang Trọng Cao Cấp | VINA® UNIFORM_106
Phát động “Tuần lễ Áo dài” năm 2024 trên cả nước | Báo Dân tộc và Phát triển_107
Vải áo dài hoa nhí đẹp_108
Áo dài suông_109
ÁO DÀI LỤA ƯỚT CỔ V CAO CẤP SANG TRỌNG - HÀNG MAY KỸ ĐẸP giá sỉ, giá bán  buôn - Thị Trường Sỉ_110
Áo Dài Cách Tân Nữ Tay Phồng Duyên Dáng Hiện Đại_111
áo dài đỏ đô đẹp phom dáng chuẩn chất liệu tốt nhất_112
ASBL586001 Vải Áo Dài Trơn Nữ Sinh Lencii – Công Ty Cổ Phần Tập Đoàn Thái  Tuấn_113
Áo dài may sẵn họa tiết hoa cúc Lụa Nha Xá màu xanh - ACU25 - Áo dài may sẵn_114
Áo dài cưới Nữ Hoàng - Chàng và nàng quý phái, đặc biệt._115
Cho thuê, may theo số đo các mẫu áo dài cưới cặp đôi cao - Songhy Bridal_116
Áo dài truyền thống cổ tầu, lụa trắng thêu cành hồng_117
Áo dài tứ thân xanh voan » Địa chỉ thuê áo tứ thân giá rẻ HCM_118
Áo Dài Nhung Xanh Cổ Vịt Kết Hoa Lá | Green Vietnamese Ao Dai (A) – 195  Designs_119
Áo dài cách tân bé gái - Hồng Ngọc - BYZU - Áo Dài Cho Bé_120
Những tà áo dài truyền thống khắc họa hình ảnh cây tre Việt Nam_121
ÁO DÀI SUÔNG XƯA LỤA TƠ TẰM | Phương Linh Silk_122
Áo dài cô dâu chú rể cao cấp - maxi.vn_123
Áo Dài Nam Xanh Dương Thêu Họa Tiết Trước Ngực_124
TOP 5 kiểu áo dài sang trọng hiện nay | Báo Hà Tĩnh_125
Set Áo Dài Tú Viên - Magenta Vintage_126
2 màu) Áo dài cách tân dáng suông | My Way Fashion || Thời trang thiết kế  cao cấp_127
Áo dài Ninh Vân - Xanh Mint (chưa gồm quần)_128
áo dài CT tay bồng - L61A20Q048_129
Áo dài tết màu đỏ cổ đan tông tà xẻ HL23-13 | Thời trang công sở K&K Fashion_130
AD193 ÁO DÀI ĐỎ THÊU HOA SEN – CEILIO_131
Áo dài múa đỏ quần váy trắng » Địa chỉ cho thuê đồ múa giá rẻ HCM_132
Áo dài bưng quả kem hoa đào tay bèo_133
GD26O353 - Sét bộ áo dài nhung đỏ_134
Giảm giá Áo dài trắng kem 4 tà cổ cao 2,5 - adcd1 - Mua Thông Minh_135
Áo dài tay lỡ phối họa tiết đính tà AD136_136
Cách chọn những mẫu áo dài màu đen đẹp, THỜI THƯỢNG hiện nay_137
Áo Dài Xưa Xanh Rêu_138
LOOK 3 ÁO DÀI VIÊN MÃN - VÁY CƯỚI CAO CẤP LINH NGA BRIDAL_139
Giá xưởng} Áo dài cờ đỏ sao vàng, đồng phục áo dài sao vàng - Áo Dài Hà Nội  | Lazada.vn_140
Top 10 mẫu áo dài truyền thống Việt Nam đẹp nhất hiện nay_141
VẢI ÁO DÀI LỄ TẾT 2024 - Vải Áo Dài Mỹ Hạnh_142
Vẻ đẹp tà áo dài Việt Nam được ca ngợi trên tạp chí nước ngoài_143
Áo dài Gấm nổi_144
Áo dài cô dâu lụa trắng tay phồng viền ngọc ADT204 Bống Maxishop_145
Áo dài Truyền thống Tú Thanh_146
Áo dài may sẵn họa tiết hoa cúc Lụa Nha Xá màu xanh - ACU25 - Áo dài may sẵn_147
TT0101 -Áo dài xanh đoàn thanh niên – Áo dài Sài Thành_148
Áo Dài Linen Thanh Lịch Phong Cách – LiA_149
Áo dài cổ đỗ vai nơ - HD33_150
Mẫu thiết kế áo dài đồng phục mới nhất, giá bán buôn tận gốc giá sỉ, giá  bán buôn - Thị Trường Sỉ_151
Vải áo dài hoa nhí đẹp_152
Áo dài có hình bản đồ Việt Nam xuất hiện ở đất nước Trung Quốc_153
Áo dài cổ V xẻ 3 tà – Umbrella_154
Đầm Dạ Hội Áo Dài Trung Niên Xanh Đen Thiết Kế Cao Cấp Sang Trọng Keva Dress_155
10 kiểu áo dài truyền thống màu trắng đẹp nhất_156
15 Mẫu Áo dài trắng Xinh đẹp, Dịu dàng mới nhất 2024_157
Áo dài cô dâu đỏ ren vàng lấp lánh tà dài (ADCDĐ6) – M.O.T Bridal – For  Love, For Life_158
Áo Dài Cách Tân Nữ vải gấm hoa | FM Style_159
Áo Dài Nhung Đỏ Đô Gems Of Vietnam – Thời Trang F2 - Chuyên Linen Cao Cấp_160
Những tà áo dài truyền thống khắc họa hình ảnh cây tre Việt Nam_161
Áo dài cặp màu trắng - Họa tiết chim hạc rất ý nghĩa_162
Áo dài tafta hoa cẩm chướng_163
Áo dài: Biểu tượng văn hóa gắn với hình tượng phụ nữ Việt Nam – Mega Story_164
Áo Dài Màu Xanh Đen Kim Sa - Blue Ao Dai Vietnamese – 195 Designs_165
Áo dài đỏ đô chiffon trơn cổ truyền thống viền vàng tay dài - Áo dài Hạnh_166
Áo dài suông_167
Áo dài Việt Nam-giá trị và bản sắc_168
ÁO DÀI CẶP CÔ DÂU CHÚ RỂ TONE TRẮNG KẾT CHỮ HỈ KIỂU TRUYỀN THỐNG_169
Set Áo Dài Tú Viên - Magenta Vintage_170
Nhan sắc ngọt ngào, trong veo của Á khôi Áo dài Việt Nam_171
Dịu dàng tựa ánh sương mai với những mẫu áo dài cách tân hiện đại_172
Đầm Dạ Hội Áo Dài Trung Niên Ngồi Sui Sang Trọng_173
Áo Dài Cách Tân Voan Tơ Xanh Đính Hạt_174
Áo Dài Cách Tân Bé Gái - Thanh Yên - BYZU - Áo Dài Cho Bé_175
Áo Dài Xanh Thiên Thanh Đoàn Viên May Sẵn Vải Lụa Cao Cấp Cổ Vuông Tay Dài  Đẹp TN01 - Chaang.vn - Áo dài Đẹp may sẵn_176
ÁO DÀI XANH DƯƠNG - Cho thuê trang phục - Vigo_177
Áo dài cách tân nữ xanh đỏ » Áo dài múa Hào Khí Việt Nam giá rẻ_178
Áo Dài Chính Đán - Xéo Xọ_179
Áo Dài Nhân - Cho Thuê Trang Phục Áo Dài_180
Áo Dài Cách Tân Nữ Tay Phồng Duyên Dáng Hiện Đại_181
Áo dài là của người Việt Nam, một sự đẹp đẽ đầy chất dân tộc_182
ÁO DÀI TẾT: 5 mẫu áo dài cách tân yêu kiều từ các thương hiệu Việt | Áo dài,  Áo quần hiệu, Người mẫu thời trang_183
Tổng hợp các kiểu áo dài đẹp TRẺ TRUNG, sang trọng cho nàng_184
Áo dài cách tân tà xoè rộng | LAHAVA_185
Áo dài 1 màu đẹp phom dáng chuẩn chất liệu tốt_186
Áo dài cổ V xẻ 3 tà – Umbrella_187
Xu hướng áo dài cách tân Tết 2024_188
Áo dài tôn vinh vẻ đẹp phụ nữ Việt Nam_189
Những mẫu áo dài trắng hót nhất hiện nay tại Hà Nội Áo dài Minh Nguyệt_190
Quần áo dài đỏ QD11 – hongvicfashion_191
50+ Mẫu vải áo dài Thái Tuấn cao cấp | Thái Tuấn Online – Công Ty Cổ Phần  Tập Đoàn Thái Tuấn_192
Loạn giá áo dài Tết 2024: Cùng 1 mẫu nhưng mỗi shop một giá, thậm chí chênh  lệch đến cả triệu đồng_193
Áo dài cách tân nam, Mẫu áo dài nam truyền thống_194
Áo Dài Trắng Học Sinh 4 Tà HS02 | Shopee Việt Nam_195
ÁO DÀI SUÔNG XƯA LỤA TƠ TẰM | Phương Linh Silk_196
Áo dài Cưới hỏi Trân Châu - Đỏ_197
Áo dài tím kết hoa nổi cổ cao tay lỡ chất liệu chifon 4 tà_198
Áo Dài Linen Thanh Lịch Phong Cách 2 tà – LiA_199
Áo Dài Bà Sui Cho Thuê - Áo Dài Song Hỷ Chuyên Áo Dài_200
Áo dài tơ tằm trắng thêu hoa diên hi ADT127 | Quyên Nguyễn Bridal_201
Hấp dẫn Lễ hội Áo dài TP HCM_202
Áo dài đỏ trơn gắn đá vai – Sphinx Costume_203
Áo dài nam cách tân Manly Design 4 màu be, trắng, đỏ, xanh chất liệu gấm  vân hoa cao cấp - M23 | Lazada.vn_204
Áo dài lụa xanh cổ vịt hoa sen cổ thuyền_205
4 mẫu áo dài cách tân đẹp 2022_206
Vải áo dài trống đồng ad 32444 – 1001 Mẫu Vải áo dài đẹp đang được ưa  chuộng nhất_207
Áo dài: Nét đẹp văn hóa truyền thống của người phụ nữ Việt Nam_208
Bí quyết mặc áo dài đẹp chuẩn theo dáng người_209
Áo dài tay đen form rộng cổ tròn đẹp unisex cho nam nữ_210
Vải Áo Dài Thái Tuấn Trơn Màu Xanh Cốm Mới Ra AD TRON XanhCom - Áo Dài  Trung Hiếu_211
Áo dài Tết 2024: Họa tiết hoa vẫn phủ sóng, nhưng có cách điệu mới đốn tim  các nàng_212
10 Kiểu Tay Áo Dài Đẹp Độc Đáo Được Nhiều Chị Em Ưa Chuộng_213
ÁO DÀI CẶP CÔ DÂU CHÚ RỂ TONE ĐỎ KẾT CHỮ HỈ_214
Áo dài nhung xanh lá trơn - Green Ao DAi Velvet – 195 Designs_215
Áo dài truyền thống in họa tiết AD085_216
Áo dài cặp màu trắng - Họa tiết chim hạc rất ý nghĩa_217
Sự Khác Biệt Giữa Áo Dài Cách Tân Và Áo Dài Truyền Thống_218
Học trường nghề có mặc áo dài không? Trường nghề đầu tiên khuyến khích học  sinh mặc áo dài tại Đà Nẵng | Trường Trung Cấp Ý Việt_219
Hơn một thế kỷ phát triển và cái biến chiếc Áo dài Việt Nam | VẺ ĐẸP VIỆT  |VTV2_220
Áo Dài Cách Tân Bé Gái - Thanh Yên - BYZU - Áo Dài Cho Bé_221
Áo dài cách tân tay 2 lớp tà dài 120cm giá sỉ, giá bán buôn - Thị Trường Sỉ_222
Tips Chọn Màu Áo Dài Cho Từng Tone Da Có Thể Bạn Chưa Biết_223
Công dụng của áo dài? Bật mí các tips mặc áo dài đẹp – iBasic_224
Tip mặc áo dài cách tân nhưng vẫn giữ được nét truyền thống sang trọng_225
Áo dài trắng đi học truyền thống học sinh nữ may sẵn lụa Chiffon 4 tà đẹp -  Chaang.vn - Áo dài Đẹp may sẵn_226
Lịch sử phát triển áo dài Việt Nam qua các thời kỳ - Cổng Thông Tin Hội  Liên hiệp Phụ nữ Việt Nam_227
Mẫu Áo Dài Trung Niên Màu Vàng Đồng Chất Liệu Lụa Hàn Châu Cao Cấp_228
Áo Dài Lụa +10 Mẫu Áo Dài Lụa Tơ Tằm Thái Tuấn Cao Cấp Sang Trọng_229
Áo dài suông_230
VẺ ĐẸP MANG LẠI TỪ ÁO DÀI TRUYỀN THỐNG - SOFIA BRIDAL_231
Áo dài cách tân JM - Áo dài Tết 2022_232
Áo dài truyền thống cổ tầu, lụa trắng thêu cành hồng_233
Bộ KIT Thiếu nữ mặc áo dài_234
Tuyển Chọn 99+ Những Mẫu Áo Dài Trung Niên Sang Trọng, Quý Phái_235
Bài 4: Đưa Áo dài trở thành Di sản văn hóa phi vật thể_236
ÁO DÀI CÁCH TÂN ĐỎ - Cho thuê trang phục - Vigo_237
Kiểu Tóc Cô Dâu Mặc Áo Dài Đơn Giản Cho Ngày Trọng Đại | TIKI_238
Áo dài Hoa Điều - Xéo Xọ_239
ÁO DÀI_240
Áo Dài 2 Lớp - ATL - Coconsilk_241
Áo Dài Trắng 2 Tà Cổ Cao_242
Áo dài đẹp và cách chọn cho từng dáng người_243
Trang chủ - Lễ hội áo dài TP Hồ Chí Minh 2024_244
Áo Dài Nhung Đỏ Đô Gems Of Vietnam – Thời Trang F2 - Chuyên Linen Cao Cấp_245
Áo Dài Dạ Hội Cổ Nữ Hoàng Đỏ Tay Dài Đính Đá Cao Cấp Hera Dress - Đầm Quỳnh  Anh Luxury Fashion_246
15 mẫu áo dài học sinh đẹp, duyên dáng, gây thương nhớ_247
Vải áo dài trơn màu Xanh lý 3020 - Shop vải áo dài Loan_248
Hoa hậu Đỗ Thị Hà khoe sắc với áo dài trắng nền nã tinh khôi_249
Áo Dài Cách Tân Nữ Tay Phồng Duyên Dáng Hiện Đại_250
TOP những mẫu áo dài cho mẹ chồng HOT nhất 2022_251
Áo dài Ninh Vân – Xanh Cổ Vịt (chưa gồm quần) – The Kat | Cửa hàng thời  trang cao cấp_252
Áo Dài Cách Tân Nữ lụa tay loe | FM Style_253
Lịch sử chiếc áo dài Việt Nam qua các thời kỳ DESILK_254
May Áo Dài Đồng Phục Giáo Viên - Học Sinh Sinh Viên Đẹp | KING_255
Top 20+ mẫu áo dài màu đen đẹp, sang trọng và thời thượng 2024_256
Áo Dài 4 Tà Cổ Xếp AD9138_257
Áo dài ăn hỏi trắng Ss.Jardin cho cô dâu thích sự thanh lịch_258
Áo dài – Wikipedia tiếng Việt_259
Top 15 shop áo dài may sẵn TP.HCM giá rẻ và uy tín nhất_260
5 kiểu áo dài đẹp trẻ trung, sang trọng_261
Áo Dài Thời Trang Đàn Bà Tiếng - Ảnh miễn phí trên Pixabay - Pixabay_262
Áo dài cổ V xẻ 3 tà – Umbrella_263
Áo dài 1 màu đẹp phom dáng chuẩn chất liệu tốt_264
15 Mẫu Áo dài trắng Xinh đẹp, Dịu dàng mới nhất 2024_265
Mặc Áo Dài Đeo Bông Tai Gì Để Nâng Tầm Nhan Sắc Việt – JUNIE VN_266
Quần áo dài 699 – NEM FASHION_267
Áo dài Việt đang đối diện những thách thức cách tân? - Báo Công an Nhân dân  điện tử_268
Áo dài 0 đồng - sẻ chia yêu thương - Báo Lâm Đồng điện tử_269
LỊCH SỬ ÁO DÀI_270
Áo dài nam (áo dài ngũ thân tay chẽn) | Áo Dài Năm Tuyền_271
Áo dài múa nam trắng đỏ » Nơi cho thuê áo dài nam nữ giá rẻ HCM_272
Áo dài ngày Tết cổ truyền_273
Nên mặc quần áo dài dây kéo trước hay sau và cách mặc ĐÚNG_274
Nhan sắc trong veo của Á khôi Áo dài Việt Nam khiến nhiều người phải khen  ngợi_275
4 kiểu áo dài tay lỡ đẹp 2022 - Báo An Giang Online_276
Vải Áo Dài Chim Hạc Đón Tết AD TCTGD03 - Vải áo dài My My_277
Áo dài - di sản văn hóa trong lòng người Việt_278
Vải áo dài nhung màu xanh ve chai 11487 - Shop vải áo dài Loan_279
16 mẫu áo dài cưới truyền thống thanh lịch, xinh đẹp nhất hiện nay_280
Mặc Áo Dài Đi Học Nên Đi Giày Gì? Mặc Áo Dài Đi Giày Sneakers | Dincox–  DinCox Shoes_281
Hướng dẫn ủi áo dài đúng cách và đơn giản_282
Câu chuyện về chiếc áo dài | Sở GDĐT Vĩnh Phúc_283
Các Mẫu Áo Dài Cho Người Mập Lùn Tự Tin Và Nổi Bật_284
Túi xách phối với áo dài sao cho đẹp? 10 gợi ý cho tết 2024 sang_285
Áo dài tím - tinh tế, sang trọng, mang đậm sự tao nhã của người con gái  Việt - Áo Dài Ngô Nhật Huy_286
Áo dài cô dâu truyền thống màu đỏ đơn giản_287
Áo Dài Truyền Thống Lụa Nhật Cổ Tròn Màu Xanh Ngọc Lam | Lazada.vn_288
Phá cách với những mẫu áo dài hiện đại, nàng nào diện lên cũng đẹp ngút  ngàn - Báo Thái Nguyên điện tử_289
Gợi ý cho nàng những mẫu áo dài kiều diễm và sang trọng cho ngày vu quy_290
Bảo Tàng Áo Dài_291
7 kinh nghiệm may áo dài cưới từ A đến Z cho nàng dâu - Omni Bridal- Đơn vị  cung cấp dịch vụ cưới trọn gói chuyên nghiệp và uy tín._292
Mẫu Áo dài Hội LHPN Việt Nam được cấp chứng nhận bản quyền_293
Mặc áo dài, những tips bạn cần phải biết - Miss Ao Dai_294
Phụ nữ Thủ đô với nhiều hoạt động tôn vinh áo dài Việt Nam | baotintuc.vn_295
Sét Áo Dài Cách Tân Tay Phồng Gấm Xốp Hoa Nổi Màu Trắng, Áo Dài Nữ Kèm Quần  | Shopee Việt Nam_296
Áo dài tay xẻ cách điệu | LAHAVA_297
Áo dài nữ cách tân đính hạt trang trí Thủy Chi_298
Áo Dài Thiết Kế Đẹp nhất | Đồng giá 200K | H&H Luxury Thời trang Việt Nam_299
Áo dài Đinh Hương hoa nhí vàng AD02753 – For Her Fashion_300
Giá kệ để áo dài_301
Dịch vụ vận chuyển áo dài, mấn áo dài đi Mỹ nhanh chóng - Indochina Lines  Vận Tải Đa Phương Thức_302
25 Kiểu Tay Áo Dài Mới Đẹp Nhất Hiện Nay - Vải áo dài My My | Áo dài, Thời  trang châu á, Dress outfits_303
1000+ Bí kíp chọn những mẫu áo dài cho người béo bụng đẹp nhất_304
Áo Dài Lemur là gì? | Áo dài Cô Sáu_305
5 mẫu áo dài màu trắng đẹp tinh khôi - Báo Đồng Khởi Online_306
Áo tân thời cách tân tại Hà Nội khác gì so với áo dài truyền thống? -_307
Bí quyết để có được những tấm ảnh áo dài đẹp và thu hút_308
Top các mẫu áo dài đẹp và mới nhất năm 2020 của thương hiệu Minh Khang_309
Mẫu Áo Dài Cách Tân Màu Đỏ Chất Liệu Voan Hàn Quốc - Áo Dài AT_310
Điểm danh những loại áo dài cho người mập mặc siêu thon gọn_311
50+ Mẫu vải áo dài Thái Tuấn cao cấp | Thái Tuấn Online – Công Ty Cổ Phần  Tập Đoàn Thái Tuấn_312
Áo Dài Cách Tân Voan Tơ Hồng Tay Cách Điệu_313
Áo dài Cưới hỏi Trân Châu - Đỏ_314
Mặc áo dài đi giày gì? Cách phối giày với áo dài siêu "hợp"_315
Áo dài du xuân_316
Giới Thiệu 10 Loại Vải May Áo Dài Đẹp Nhất Mọi Thời Đại_317
99+ Mẫu áo dài Việt Nam đẹp nhất lên ngôi xu hướng 2024_318
TOP các mẫu áo dài bê tráp phù hợp xu hướng hiện nay_319
Áo dài Việt trong đời sống hàng ngày | Báo Pháp luật Việt Nam điện tử_320
Sự Khác Biệt Giữa Áo Dài Cách Tân Và Áo Dài Truyền Thống_321
Bài 1: Áo dài - Niềm tự hào văn hóa Việt_322
Sand Outfit cho thuê các loại áo dài trang phục biểu diễn đẹp giá rẻ u_323
9+ phụ kiện mặc áo dài giúp chị em tỏa sáng, tôn dáng cực khéo_324
Áo dài màu xanh Áo màu xanh ngọc đá, hất vải áo lụa tuyết mềm có co giãn - Áo  dài | ThờiTrangNữ.vn_325
Vải Áo Dài Lụa Trơn Ánh Sao Thái Tuấn Độc Đáo AD - Áo Dài Trung Hiếu_326
Áo dài in nổi 468 họa tiết cổ Việt Nam nhận kỷ lục Guinness_327
Tìm Hiểu Ngay 8 Phụ Kiện Áo Dài Cho Nàng Thêm Xinh_328
Nhận vơ áo dài Việt Nam là 'phong cách Trung Quốc' | Báo Pháp Luật TP. Hồ  Chí Minh_329
Đi tìm nét đẹp truyền thống của áo dài nam giới_330
Nhà thiết kế Trung Quốc từng 'xài' mẫu áo dài Việt, giờ nói về 'phẩm giá  trang phục Trung Quốc' - Tuổi Trẻ Online_331
20+ Mẫu áo dài cho mẹ chồng ngày cưới đẹp và sang trọng_332
Áo Dài Đôi - Cô Dâu Chú Rể - FELY WEEDING_333
Túi xách phối với áo dài: 10 cách chọn túi cho từng kiểu áo dài sang trọng  và cuốn hút - Kat_334
Cách lấy số đo áo dài - Lụa tơ tằm Nha Xá - Lụa truyền thống Việt Nam._335
Áo dài Việt trong dòng chảy công nghiệp văn hóa_336
Áo dài kết cườm thủ công màu đỏ - D339_337
Áo dài Tết 2024: Bật mí dáng áo khéo che bụng mỡ_338
Mách chị em mẹo chọn áo dài cách tân phù hợp với dáng người | Cleanipedia VN_339
Áo dài nam - một nét đẹp từng bị quên lãng_340
Áo dài nhung đỏ trơn - Mang nét đẹp truyền thống của Việt Nam_341
Áo dài cô dâu lụa trắng tay phồng viền ngọc ADT204 Bống Maxishop_342
Thiết Kế Cửa Hàng áo Dài Catina - Thường Tín_343
áo dài xanh coban - Áo Dài Cô Sáu_344
Áo Dài Đồng Phục Học Sinh Và Những Điều Cần Lưu Ý Khi Đặt May_345
3 kiểu cổ áo dài đẹp xu hướng 2022 - Báo Thái Bình điện tử_346
Áo dài cưới màu hồng phấn mã DDHPF80 - Nicole Bridal_347
Áo Dài Ông Hội Đồng Thời Xưa Giá Tốt - BBCosplay.com_348
Phát động “Tuần lễ Áo dài” trên toàn quốc_349
Áo dài: Nét đẹp văn hóa truyền thống của người phụ nữ Việt Nam_350
Những mẫu thêu trên áo dài - Sen - Thêu tay nghệ thuật_351
5 mẫu áo dài màu trắng đẹp tinh khôi - Báo Đồng Khởi Online_352
Chiếc áo dài – Nét đẹp văn hóa truyền thống của người phụ nữ Việt Nam_353
Những lưu ý khi mặc áo dài đi chùa đầu năm Giáp Thìn 2024_354
Áo Dài Truyền Thống Nữ 366_355
Áo dài đẹp và cách chọn cho từng dáng người_356
Áo Dài Việt Nam - Ý Nghĩa Lịch Sử Áo Dài Qua Các Thời Kỳ_357
Áo dài – Áo ngũ thân Việt Nam: Từ truyền thống tới hiện đại - Hanoi  Grapevine_358
100 mẫu Áo dài màu tím đẹp nhất Việt Nam_359
Hà Nội xưa và nay qua những tà áo dài_360
Bài viết về áo dài Việt Nam bằng tiếng Anh [HAY NHẤT] - Step Up English_361
Áo dài cách tân - hòa mình với cuộc sống hiện đại | Báo Pháp luật Việt Nam  điện tử_362
Áo Dài Chính Đán - Xéo Xọ_363
Áo dài nhật bình, áo tấc - FELY WEEDING_364
Áo dài cưới màu trắng thanh lịch - Xinh đẹp - Trẻ trung_365
Những đồng thoáng về tà áo dài Việt Nam_366
Giảm giá Áo dài xanh ngọc lụa tằm ý 2 tà - áo dài ý như - Mua Thông Minh_367
Mẫu áo dài cưới hỏi đẹp nhất hiện nay – Xem 1500 Mẫu Vải Áo Dài Đẹp Mới  Nhất 2024_368
Hướng dẫn ủi áo dài đúng cách và đơn giản_369
Các kiểu áo dài cách tân nữ xu hướng, mới nhất dịp tết 2024_370
Wedding Traditional Dress Áo Dài Cưới – Ao Dai US, traditional vietnamese  dress - tendinhatecnica.pt_371
Áo Dài Xanh Bơ Truyền Thống Gấm Hoàng Gia Cổ Tròn Tay Lỡ Cao Cấp Kora Dress  - Đầm Quỳnh Anh Luxury Fashion_372
Giá kệ để áo dài_373
Bật mí những cách mặc áo dài đẹp theo từng dáng người_374
Áo dài bé gái thêu sen màu đỏ size 30kg -45kg_375
Áo Dài 4 Tà Cổ Xếp AD9138_376
Áo dài cổ tròn - 10+ kiểu dáng hiện đại phù hợp cho các nàng_377
Áo dài mùa xuân_378
Diện áo dài trắng, nhan sắc Juky San đúng chuẩn “nàng thơ”_379
TOP 50+ Mẫu áo dài đẹp, sang trọng mới nhất năm 2022_380
Thời trang áo dài đẹp và cách chọn áo dài cho từng dáng người_381
Hướng dẫn các bạn cách chụp hình với áo dài truyền thống vô cùng đẹp_382
Áo dài cách tân | Bộ sưu tập với nhiều mẫu đẹp và cực HOT năm 2024_383
Áo Dài Xanh Thiên Thanh Đoàn Viên May Sẵn Vải Lụa Cao Cấp Cổ Vuông Tay Dài  Đẹp TN01 - Chaang.vn - Áo dài Đẹp may sẵn_384
10 kiểu áo dài đẹp cho nữ xu hướng 2023 | Báo Pháp Luật TP. Hồ Chí Minh_385
Áo dài xanh dương coban đậm trơn truyền thống may sẵn lụa mỹ cao cấp - Đầm  | ThờiTrangNữ.vn_386
Áo Dài Nhà Tấm_387
Mặc áo dài mang áo khoác gì thì tôn dáng và phù hợp nhất?_388
ÁO DÀI SUÔNG XƯA LỤA TƠ TẰM TUYẾT LỆ | Phương Linh Silk_389
Xu hướng áo dài cho mẹ cô dâu mới nhất 2024_390
10 mẫu áo dài đẹp năm 2023 tôn vinh vóc dáng | Topmot_391
4 chất liệu sang xịn cho áo dài Tết 2023_392
Áo dài đi chùa và 6 lưu ý ai cũng cần biết trước khi diện!_393
Chụp ảnh cưới với áo dài - Tips chọn áo dài cho nàng dâu_394
Tổng hợp STT áo dài, caption hay và ý nghĩa về tà áo dài - Fptshop.com.vn_395
Hà Nội xưa và nay qua những tà áo dài_396
Top 10+ Kiểu Áo Dài Đẹp Trẻ Trung, Sang Trọng Và Đơn Giản_397
Túi xách phối với áo dài: 10 cách chọn túi cho từng kiểu áo dài sang trọng  và cuốn hút - Kat_398
Các loại vải áo dài học sinh và cách chọn cần biết_399
Áo dài trắng AD T30 | Quyên Nguyễn Bridal_400
Sao Việt chuộng áo dài cách tân - Báo VnExpress Giải trí_401
Áo dài Hạnh - Chuyên may, bán, cho thuê áo dài rẻ đẹp tại HCM_402
ÁO DÀI XANH CỔ VỊT - Cho thuê trang phục - Vigo_403
Áo dài cho mẹ cô dâu, chú rể_404
Top 21+ kiểu tóc mặc áo dài truyền thống cực đẹp xu hướng mới_405
Mặc áo dài trắng chụp kỷ yếu - concept không bao giờ lỗi mốt_406
Ngắm nhìn những tà áo dài phụ nữ Việt Nam trong 400 năm qua | VTV.VN_407
Áo Dài Minh Châu_408
Cho thuê áo dài cưới cặp cô dâu chú rể màu vàng (CD41 + CR18) - NiNiStore  2024_409
Áo dài – NEM FASHION_410
Gợi ý 12+ shop áo dài đẹp, uy tín nhất Hà Nội_411
Hệ thống cho thuê áo dài Tết ở Đà Nẵng phong cách trẻ trung nhất_412
Áo Dài Phụ Dâu - Min Bridal_413
Cập nhập top 101+ mẫu áo dài cưới đẹp tại Mỹ_414
Áo dài tơ tằm đẹp phom dáng chuẩn chất liệu tốt nhất_415
Áo dài nữ sinh cổ tròn viền hạt tay lỡ màu hoa 10 giờ | Lazada.vn_416
Áo Dài Đẹp - Những mẫu áo dài Việt Nam đẹp, mới nhất_417
ÁO DÀI TRẮNG HỌC SINH CÓ KÈM QUẤN, VÀI LỤA MÁT ,CO DÃN TỐT, CHUẨN PHOM |  AODAINGUYENLAM | Shopee Việt Nam_418
LỊCH SỬ ÁO DÀI_419
Những góc chụp áo dài thần thánh tại Hoàng Thành Thăng Long | WEBSITE_420
Nỗi lo tà áo dài Việt bị “thay tên đổi họ” - Báo Công an Nhân dân điện tử_421
Hình ảnh Phụ Nữ Việt Nam Mặc áo Dài PNG , Trang Phục Truyền Thống, Nền  Trong Suốt, Phong Cách Anime PNG miễn phí tải tập tin PSDComment và Vector_422
Những mẫu áo dài cách tân nữ hiện đại gây sốt mùa xuân này - Đồng hồ Hàn  Quốc Julius chính hãng tại Việt Nam_423
Áo dài cưới thiết kế hiện đại trẻ trung | LAHAVA_424
Tải mẫu logo áo dài Việt Nam file vector AI, EPS, JPEG, PNG, JPG, SVG, PDF,  CDR_425
Tổng hợp 25 kiểu tóc mặc áo dài giúp chị em thăng hạng nhan sắc_426
Top 12 địa chỉ bán áo dài cách tân diện Tết siêu đẹp ở Sài Gòn_427
Tìm lại giá trị cho áo dài nam: Dù muộn còn hơn không | Báo Dân tộc và Phát  triển_428
Áo dài Xanh Ngọc Lục bảo Sen Trắng, lụa Habutai cao cấp in 3D mã K100_429
Áo dài nam: câu chuyện đi tìm quốc phục cho đàn ông_430
Áo dài Đinh Hương hoa nhí vàng AD02753 – For Her Fashion_431
Những đặc trưng của áo dài cách tân 3 miền – Jadiny_432
10+ Thương hiệu áo dài nam nổi tiếng cực đẹp mùa tết 2024_433
3 kiểu cổ áo dài đẹp xu hướng 2022 - Báo Thái Bình điện tử_434
Tăng Thanh Hà tái hiện tà áo dài của các bà các mẹ ngày xưa_435
Áo dài thời trang màu xanh than - Chất liệu lụa Tây Thi_436
Áo Dài Cách Tân Nữ Tay Phồng Duyên Dáng Hiện Đại_437
Áo dài, sự lựa chọn sáng giá cho mùa lễ hội cuối năm_438
9 Cách tạo dáng chụp ảnh áo dài Tết siêu xinh ai cũng nên biết | TIKI_439
Mẫu áo dài cưới màu đỏ ADC - AT 01 - Áo Dài AT_440
Áo dài nam hình rồng mạnh mẽ - phong cách độc đáo mà cá tính - Hoài Giang  shop_441
Ngắm sao Việt diện áo dài cực duyên dáng trong mùa cưới và đây là loạt địa  chỉ bạn có thể học lỏm để sắm theo_442
Tham khảo ngay Bảng Size Áo dài nữ cập nhật 2022_443
VẢI ÁO DÀI GẤM THÁI TUẤN CẬP NHẬT 2023_444
Áo dài nam - một nét đẹp từng bị quên lãng_445
100+ Mẫu Áo Dài Đẹp Cho Giáo Viên Duyên Dáng Và Thanh Lịch_446
Tổng hợp những mẫu áo dài đi học phổ biến trên thị trường_447
Áo dài đỏ mặc quần màu gì đẹp, thu hút?_448
Tăng Thanh Hà mỗi năm diện một bộ áo dài Tết, dù đơn giản vẫn tôn_449
Áo Dài Học Sinh - Nét Đẹp Duyên Dáng Trong Trường Học_450
Áo dài cách tân nữ Việt Nam 2023 - Thời Trang Daily_451
Nữ cán bộ Đoàn Nghệ An thướt tha, duyên dáng trong tà áo dài_452
Gen Z ưa trào lưu diện áo dài chụp ảnh Tết, giữ nét duyên dáng con gái Việt_453
99+ Ảnh Áo Dài Trẻ Trung Tuyệt Đẹp | 20+ Cách Tạo Dáng Chụp_454
Áo dài Việt Phục - Cổ Phục Việt Nam_455
95+ mẫu áo dài tay phồng cách tân hiện đại nhất - Kế Hoạch Cưới_456
Áo dài Việt - giá trị và bản sắc_457
Áo dài tơ tằm Mỹ Lan – Đen (chưa gồm quần) – The Kat | Cửa hàng thời trang  cao cấp_458
Vẽ áo dài: 50 cách vẽ áo dài đẹp, dễ vẽ nhất_459
7 kinh nghiệm may áo dài cưới từ A đến Z cho nàng dâu - Omni Bridal- Đơn vị  cung cấp dịch vụ cưới trọn gói chuyên nghiệp và uy tín._460
Tranh cãi hình ảnh nữ runner mặc áo dài tham gia giải chạy_461
Các kiểu áo dài cách tân nữ xu hướng, mới nhất dịp tết 2024_462
Các loại áo dài hiện nay được YÊU THÍCH nhất qua mọi thời đại_463
Nguồn gốc của Áo dài Việt Nam (phần 1)_464
Top 4 Loại Vải May Áo Dài Học Sinh Đẹp, Duyên Dáng, Phù Hợp Lứa Tuổi » Hải  Triều_465
Áo Dài Yếm Cách Tân Cho Các Nàng Du Xuân – MARC_466
50 mẫu thiết kế áo dài cưới nam cho chú rể đẹp nhất hiện nay_467
Hoa hậu Khánh Vân tôn vinh áo dài Việt Nam trong loạt ảnh mới_468
10+ cách tạo dáng chụp ảnh áo dài kỷ yếu ĐẸP vào cuối cấp_469
Tổng hợp kiểu tóc cô dâu mặc áo dài được yêu thích nhất_470
Set Áo Dài Tú Viên - Magenta Vintage_471
Chiếc áo dài Tày và ý nghĩa của năm thân áo - Báo Cao Bằng điện tử_472
Áo dài: Nét đẹp văn hóa truyền thống của người phụ nữ Việt Nam_473
Áo Dài Cưới Lụa Gấm Màu Trắng AD 01_474
Bảo tàng Áo Dài - Review kinh nghiệm tham quan A-Z_475
Áo dài: Nét đẹp văn hóa truyền thống của người phụ nữ Việt Nam_476
Áo Dài Cưới Lụa Gấm Màu Trắng AD 01_477
10 kiểu áo khoác mặc với áo dài truyền thống đẹp, phong cách_478
Bỏ túi 8 địa chỉ cửa hàng may áo dài Hội An nức danh phố cổ_479
Bảng giá Thuê Áo Dài Cưới Đẹp Giá Rẻ Hà Nội - Cali Bridal_480
Những lưu ý khi mặc áo dài đi chùa đầu năm Giáp Thìn 2024_481
Áo dài Tết 2024: Họa tiết hoa vẫn ở đó khiến các cô nàng say đắm_482
Cách giặt áo dài nhung để luôn được bền đẹp_483
Nguồn gốc và ý nghĩa áo dài truyền thống Việt Nam_484
BẢO TỒN VÀ PHÁT HUY GIÁ TRỊ ÁO DÀI VIỆT NAM | Phương Linh Silk_485
Nét đẹp trang phục Áo dài Chăm_486
Vải Áo Dài Thái Tuấn Trơn Màu Tím Cẩm Thiết Kế 2021 AD TRON TimCam - Áo Dài  Trung Hiếu_487
Học trường nghề có mặc áo dài không? Trường nghề đầu tiên khuyến khích học  sinh mặc áo dài tại Đà Nẵng | Trường Trung Cấp Ý Việt_488
Sự Thay Đổi Những Mẫu Áo Dài Cưới Truyền Thống Xưa Và Nay_489
Top 10+ mẫu thiết kế cửa hàng áo dài đẹp, phá cách_490
Có gì đặc sắc tại Lễ hội áo dài TP. Hồ Chí Minh năm 2024?_491
Áo dài trắng trẻ em | Áo dài trắng truyền thống trẻ em_492
Bí quyết để có được những tấm ảnh áo dài đẹp và thu hút_493
TOP 50+ Mẫu áo dài đẹp, sang trọng mới nhất năm 2022_494
Áo giao lãnh - tiền thân của áo dài Việt trông như thế nào?_495
Bóc giá' ba chiếc áo dài cưới chục triệu của mẹ vợ Đoàn Văn Hậu_496
Puka - Gin Tuấn Kiệt đồng điệu với áo dài đỏ chim hỷ tước - Ngôi sao_497
Áo Dài Cô Dâu Tafta Đỏ Cổ Tim_498
Kinh nghiệm đi Bảo tàng Áo dài quận 9 chi tiết từ A-Z_499
Áo dài Tết 2024: Màu hồng đốn tim phái đẹp_500
30+ Mẫu Áo dài cưới màu đỏ - Lựa chọn hoàn hảo ngày trọng đại - Nicole  Bridal_501
Áo Dài Bà Sui Voan Hồng Ruốc Đính Đá Kết Hoa Đẹp Cao Cấp_502
Bạn biết gì về ý nghĩa của các màu sắc trong áo dài Việt Nam -  khamphahue.com.vn_503
Áo Dài Ông Hội Đồng Thời Xưa Giá Tốt - BBCosplay.com_504
Áo dài - Biểu tượng văn hóa của dân tộc Việt Nam_505
Học May Áo Dài : "Trọn Bộ" 20+ Công Thức Chuẩn Nhất Cho Người Mới_506
Những mẫu áo dài tinh tế tại tiệm Trang Lê_507
Chụp ảnh áo dài Tết được yêu thích nhất - Tuong Lam Photos_508
Lịch sử chiếc áo dài Việt Nam qua các thời kỳ - Báo Phụ Nữ_509
Áo dài Việt có gì thu hút người nước ngoài? | Báo điện tử An ninh Thủ đô_510
Nữ cán bộ Đoàn Nghệ An thướt tha, duyên dáng trong tà áo dài_511
Hà Tăng khoe ảnh áo dài: Luôn là thiết kế truyền thống gần gũi, dung dị_512
Áo dài cưới màu tím - lời nguyện thề thủy chung_513
Hướng Dẫn Lựa Chọn Áo Dài Phù Hợp Cho Bộ Ảnh Kỷ Yếu_514
Mẫu áo dài ăn hỏi cho mẹ cô dâu đẹp nhất - Cập nhật 2024_515
Áo dài hồng phấn, kiểu Áo dài học sinh cổ tròn, cổ vuông tay lỡ chất lụa  đẹp CHAANG - Chaang.vn - Áo dài Đẹp may sẵn_516
Thuyết minh về chiếc Áo dài Việt Nam hay nhất (22 mẫu + Sơ đồ tư duy)_517
Áo Dài Bà Sui - Áo Dài Đi Họ - Áo Dài Trung Niên Cho Thuê_518
Thuê Áo dài bê tráp, áo dài bê lễ đẹp rẻ - FELY WEEDING_519
Áo dài: nét đẹp ở công sở thành phố Hồ Chí Minh_520
Giày mang áo dài cưới - Tư vấn lựa chọn mẫu giày phù hợp chi tiết nhất_521
Túi xách phối với áo dài: 10 cách chọn túi cho từng kiểu áo dài sang trọng  và cuốn hút - Kat_522
Áo dài cách tân- Trang phục hiện đại của người phụ nữ Việt - Tiệm Vải Nga  Tường_523
100+ Mẫu Áo Dài Cưới Đẹp Nhất Cho Cô Dâu Lung Linh Ngày Cưới_524
