Điểm Khác Nhau Giữa Áo Tứ Thân Miền Bắc Và Áo Tứ Thân Miền Nam_1
Điểm Khác Nhau Giữa Áo Tứ Thân Miền Bắc Và Áo Tứ Thân Miền Nam_2
Áo tứ thân - Vẻ đẹp chuẩn mực người con gái Kinh Bắc_3
Áo tứ thân – Wikipedia tiếng Việt_4
Áo Tứ Thân Xanh Đỏ TTL1203_5
Bạn Muốn Mua Và Thuê Áo Tứ Thân Đẹp Giá Tốt Tại TPHCM_6
Áo tứ thân - Biểu tượng của người phụ nữ Kinh Bắc xưa_7
Ý nghĩa áo tứ thân - Trang phục của phụ nữ Kinh Bắc xưa_8
Áo tứ thân Bích Động - Hoa Sen_9
Áo tứ thân Thị Màu - Cho Thuê Áo Dài Sài Gòn - Buôn Bán Áo Dài Sườn Xám Sài  Gòn Giá Rẻ_10
Áo tứ thân nữ trơn xanh lá mẫu 2312 - Trang phục biểu diễn DiVit_11
Áo tứ thân - Vẻ đẹp chuẩn mực người con gái Kinh Bắc_12
Thuê áo tứ thân ở tphcm giá rẻ - Trang Phục Diễn Ánh Sáng_13
Áo tứ thân - Biểu tượng cho người phụ nữ Miền Bắc_14
THUÊ ÁO TỨ THÂN RẺ - ĐẸP - Ở HCM – Sand Outfit_15
Áo tứ thân - Biểu tượng của người phụ nữ Kinh Bắc xưa_16
Hồn quê trong chiếc áo tứ thân_17
Áo dài tứ thân xanh voan » Địa chỉ thuê áo tứ thân giá rẻ HCM_18
Áo tứ thân - 'mốt' một thời của người phụ nữ vùng Châu thổ Bắc bộ -  Redsvn.net_19
Áo Tứ Thân Hồng Yếm Hồng Đen Họa Tiết Hoa Hồng_20
TOP 10+ Lưu Ý] Áo Tứ Thân - Trang Phục Truyền Thống [NEW 2024]_21
Áo tứ thân - Biểu tượng của người phụ nữ Kinh Bắc xưa_22
Á Hậu Tú Anh mặc áo tứ thân, tóc “cuốn lô” hiện đại, hài hước | Giải Trí |  Thời trang lịch sử, Thời trang thiếu nữ, Thời trang_23
DUYÊN DÁNG" Top 7 Áo Tứ Thân đẹp hiện nay + Cách mặc áo tứ thân_24
Áo Tứ Thân Hồng_25
Trang phục áo Tứ Thân vải lụa mềm mại đầy đủ bộ_26
Áo Tứ Thân Hồng Cốm – Authentic Store_27
Áo Tứ Thân | How It's Made – Vietnamese Language Studies_28
Áo tứ thân múa nhiều màu - Hoài Giang shop_29
Mua áo tứ thân ở tphcm giá rẻ - Trang Phục Diễn Ánh Sáng_30
Áo tứ thân | Vietnam art, Cute doodle art, Southeast asian arts_31
Áo Tứ Thân Xanh Phối Màu_32
Áo Tứ Thân - Thời Trang Tái Chế_33
Tìm hiểu về tà áo tứ thân - văn hóa của phụ nữ Kinh Bắc xưa - Travel News  24h_34
Áo Tứ Thân: Hình Ảnh Đại Diện Cho Phụ Nữ Kinh Bắc_35
Dàn mỹ nhân Việt mê đắm thiết kế áo tứ thân cách điệu của NTK Adrian Anh  Tuấn - Tạp chí Đẹp_36
Hoà Minzy xúng xính áo tứ thân hoá hình Thị Mầu trong teaser MV mới_37
Áo tứ thân - Vẻ đẹp chuẩn mực người con gái Kinh Bắc_38
Áo tứ thân - Biểu tượng cho người phụ nữ Miền Bắc_39
THUÊ ÁO TỨ THÂN RẺ - ĐẸP - Ở HCM – Sand Outfit_40
Áo tứ thân - Biểu tượng của người phụ nữ Kinh Bắc xưa_41
Lịch sử và nguồn gốc của Áo tứ thân truyền thống_42
Set áo tứ thân , yếm , đụp_43
Áo tứ thân - Wikipedia_44
Cho Thuê Trang Phục Áo Tứ Thân Tại Tphcm_45
DUYÊN DÁNG" Top 7 Áo Tứ Thân đẹp hiện nay + Cách mặc áo tứ thân_46
Áo dài tứ thân. Áo tứ thân chụp sen kèm mấn nhiều màu - ÁNH DƯƠNG |  Lazada.vn_47
Áo Tứ Thân Xanh Phối Màu_48
Áo tứ thân nữ trơn mẫu 232 - Trang phục biểu diễn DiVit_49
Áo tứ thân Bích Động - Hoa Đào_50
Trang phục áo tứ thân | Danh mục sản phẩm | Trang Phục Biểu Diễn Đặng Thu Hà_51
áo tứ thân - Wiktionary, the free dictionary_52
Áo tứ thân - Kim Khôi Shop cho thuê trang phục 0965238500_53
CẢM XÚC XUÂN: Tản mạn về nếp áo tứ thân xưa | Chính trị - xã hội_54
Áo tứ thân xanh voan sen » Đồ múa tứ thân hoạ tiết sen đẹp giá rẻ_55
áo tứ thân Tiếng Anh là gì_56
Cho thuê áo tứ thân nam nữ_57
Áo tứ thân - Biểu tượng của người phụ nữ Kinh Bắc xưa_58
Áo tứ thân - Biểu tượng cho người phụ nữ Miền Bắc_59
Trang phục áo tứ thân ( cô tấm) - DesignlifeShop_60
Hoa hậu Đỗ Mỹ Linh gợi ý chọn trang phục áo tứ thân cách điệu cho mùa Tết  Tân Sửu_61
Áo tứ thân – foxdesign3d.com_62
National Costume áo tứ thân, áo bà ba đẹp nhất của đại diện Việt Nam_63
Trang phục Áo Tứ Thân ATT02 – Trang Phục Biểu Diễn TN_64
áo tứ thân : Hài Tết dung tục, dễ dãi: Những kiểu hài “nhức mắt” người xem_65
Cô gái áo tứ thân nón quai thao_66
Trang phục áo tứ thân Trang phục Nguyên Ngọc_67
Tìm Hiểu Về Các Loại Áo Tứ Thân Xưa Và Nay_68
Trang phục áo Tứ Thân vải lụa mềm mại đầy đủ bộ_69
CẢM XÚC XUÂN: Tản mạn về nếp áo tứ thân xưa | Chính trị - xã hội_70
Váy Áo Tứ Thân 017_71
Áo tứ thân - màu mới - hàng thiết kế - Áo dài | ThờiTrangNữ.vn_72
Vũ Thu Phương cùng H'Hen Niê, Khánh Vân dịu dàng trong tà áo tứ thân cùng  du xuân_73
Dàn mỹ nhân Việt mê đắm thiết kế áo tứ thân cách điệu của NTK Adrian Anh  Tuấn - Tạp chí Đẹp_74
Áo tứ thân - Vẻ đẹp chuẩn mực người con gái Kinh Bắc_75
Trang phục biều diễn áo tứ thân_76
Áo Tứ Thân 01_77
Dàn người đẹp Hoa hậu Hòa bình quốc tế diện áo tứ thân_78
#áo tứ thân, #gấp áo tứ thân bằng giấy thủ công, #đa văn hóa , #베트남 아오드떤  종이접기_79
Kiều Khanh chọn áo tứ thân làm trang phục truyền thống - Báo VnExpress Giải  trí_80
Áo tứ thân tại Hoa hậu Hoàn vũ 2011 - Tuổi Trẻ Online_81
Áo Tứ Thân Là Gì? Mang Ý Nghĩa Và Lịch Sử Như Thế Nào?_82
Tìm Hiểu Về Các Loại Áo Tứ Thân Xưa Và Nay_83
Áo Tứ Thân Vàng Cam – Authentic Store_84
Áo tứ thân, Nón quai thao - nét duyên dáng của phụ nữ Kinh Bắc - Kim Khôi  Shop cho thuê trang phục 0965238500_85
Cho Thuê Trang Phục Áo Tứ Thân Đẹp Tphcm_86
ATT13 - Trang phục Áo Tứ Thân – Trang Phục Biểu Diễn TN_87
Cho thuê trang phục áo tứ thân lụa vàng_88
Áo tứ thân nhận giải trong cuộc thi Hoa hậu Siêu quốc gia 2009 - Báo Thái  Nguyên điện tử_89
Thí sinh Miss Grand mặc áo tứ thân, nhảy sạp, xem Tinh hoa Bắc Bộ | Báo  Pháp luật Việt Nam điện tử_90
Thuê áo tứ thân cách điệu rẻ ở tphcm - Trang Phục Diễn Ánh Sáng_91
Đỗ Mỹ Linh mang áo tứ thân giới thiệu với bạn bè thế giới_92
H'Hen Niê, Khánh Vân mặc áo tứ thân du xuân_93
Cho thuê áo tứ thân truyền thống miền Bắc giá rẻ năm 2018_94
Tha thướt dịu dàng như mỹ nữ Việt diện áo tứ thân | Giáo dục Việt Nam_95
TÀ ÁO HOA XƯA - Áo tứ thân – áo ngũ thân (thế kỷ 18 – đầu thế kỷ 20) Để  tiện hơn cho việc đồng án, buôn bán vất vả, người_96
Áo Tứ Thân Vẽ 001_97
Áo tứ thân được nhiều sao Việt ưa thích dịp xuân về - LUXUO.VN_98
Hoa hậu Đỗ Mỹ Linh gợi ý chọn trang phục áo tứ thân cách điệu cho mùa Tết  Tân Sửu_99
Áo tứ thân – foxdesign3d.com_100
Áo tứ thân voan xanh » Nơi cho thuê áo tứ thân rẻ mẫu mới HCM_101
Trang phục Việt Nam | Vietnamese Costume: Áo tứ thân – Vietnamese Language  Studies_102
Áo tứ thân Bích Động - Hoa Đào_103
Áo tứ thân hoa sen nữ – Công ty TNHH TM dịch vụ đào tạo năng khiếu Lê Tú_104
Sao Việt chuộng áo tứ thân của Adrian Anh Tuấn - Ngôi sao_105
Top 9 Điểm cho thuê áo tứ thân đẹp và chất lượng nhất tại TP. Hồ Chí Minh -  Mytour.vn_106
Cho thuê áo tứ thân truyền thống miền Bắc giá rẻ năm 2018_107
cô gái mặc áo tứ thân thướt tha, dịu dàng ôm giỏ bánh_108
Áo Tứ Thân - Trang Phục Văn Hóa Người Kinh Bắc Xưa Và Nay! - ALONGWALKER_109
Vector phụ nữ mặc áo tứ thân_110
Mỹ nhân Việt dịu dàng với áo tứ thân_111
Chỗ thuê áo tứ thân giá rẻ tại TPHCM_112
Áo tứ thân_113
ATT17 - Trang Phục Áo Tứ Thân – Trang Phục Biểu Diễn TN_114
Cho Thuê Áo Tứ thân giá rẻ tphcm - Trang Phục Biểu Diễn Minh Thiện_115
Áo tứ thân - Vẻ đẹp chuẩn mực người con gái Kinh Bắc_116
Phong Cách Áo Tứ Thân: Nét đẹp Trong Thời Trang Đương Đại_117
Áo tứ thân được nhiều sao Việt ưa thích dịp xuân về - LUXUO.VN_118
Áo Tứ Thân 4 Màu_119
Áo Tứ Thân" And " Nón Quai Thao" | A Vietnamese Girl dresse… | Flickr_120
Cho thuê áo tứ thân quận Bình Thạnh_121
Áo tứ thân múa nhiều màu - Hoài Giang shop_122
Áo tứ thân: tin tức, hình ảnh, video, bình luận mới nhất_123
Ngây ngất với vẻ đẹp của Nguyễn Thị Loan trong tà áo tứ thân | VTV.VN_124
Áo tứ thân_125
Thuê áo tứ thân giá rẻ nhất ở đâu? Gò Vấp,Q.12 tại Diễn Việt_126
Áo tứ thân - Nét văn hóa đặc biệt của phụ nữ Kinh Bắc xưa_127
Dịch vụ cho thuê áo tứ thân đẹp,giá rẻ tại tpHCM Đã qua sử dụng, giá:  60.000đ, gọi: 0909717977, Quận Gò Vấp - Hồ Chí Minh, id-11d20500_128
Tha thướt dịu dàng như mỹ nữ Việt diện áo tứ thân | Giáo dục Việt Nam_129
Trang phục áo tứ thân | Danh mục sản phẩm | Trang Phục Biểu Diễn Hà Vy_130
Áo Tứ Thân Hồng – Authentic Store_131
Cho thuê áo tứ thân V5 - Trang phục biểu diễn Hoa Mai_132
Áo Tứ thân - video by PowerPoint_133
Mua áo tứ thân ở tphcm giá rẻ - Trang Phục Diễn Ánh Sáng_134
Áo tứ thân - Wikipedia_135
Concept áo tứ thân (Tấm -Cám) | Chụp Ảnh Kỷ Yếu Trọn Gói Tại TP HCM_136
DUYÊN DÁNG" Top 7 Áo Tứ Thân đẹp hiện nay + Cách mặc áo tứ thân_137
Đại diện Việt Nam mặc áo tứ thân nhảy điệu truyền thống của Nhật Bản |  Vietnam+ (VietnamPlus)_138
May Bán Áo Tứ Thân, Trang Phục Tứ Thân, Đồ Tứ Thân, Áo Yếm Giá Rẻ_139
TOP 10+ Lưu Ý] Áo Tứ Thân - Trang Phục Truyền Thống [NEW 2024]_140
Đồ múa tứ thân » Áo tứ thân - Trang phục ba miền_141
ATT17 - Trang Phục Áo Tứ Thân – Trang Phục Biểu Diễn TN_142
Áo tứ thân quan họ_143
Trang phục áo tứ thân | Danh mục sản phẩm | Trang Phục Biểu Diễn Đặng Thu Hà_144
Áo tứ thân là gì ? Tổng hợp mẫu áo dài tứ thân đẹp nhất - Tài Lộc Wedding_145
Áo tứ thân HH073 | Áo Dài Shop_146
Ngây ngất với vẻ đẹp của Nguyễn Thị Loan trong tà áo tứ thân | VTV.VN_147
Tranh Áo tứ thân và áo dài - Gốm Phù Lãng_148
Trang phục áo Tứ Thân vải lụa mềm mại đầy đủ bộ_149
Áo tứ thân nữ: Vẻ đẹp truyền thống của phụ nữ Việt Nam_150
Áo tứ thân - khăn mỏ qua: - nét duyên dáng của phụ nữ Kinh Bắc - Website  Địa lý & Cuộc sống của Trần Thục Hiền_151
Áo tứ thân Bích Động - Hoa Cúc_152
Á hậu Trương Thị May tết tóc dài, diện áo tứ thân_153
Trang Phục Tứ Thân Quan Họ, Set Quan Họ Bắc Ninh, Áo Tứ Thân Nữ | Shopee  Việt Nam_154
Áo tứ thân – foxdesign3d.com_155
Áo tứ thân, Tin tức, hình ảnh và video mới nhất về Áo tứ thân - toquoc.vn_156
ÁO DÀI CÁCH ĐIỆU TỪ ÁO TỨ THÂN. áo dài... - Áo Dài La SEN VŨ | Facebook_157
Áo Tứ Thân Hồng Liên - Pháp phục Thiên Địa Duyên_158
ÁO TỨ THÂN | Tin tuc CẬP NHẬT , ao tu than | Báo Người lao động_159
Áo tứ thân trẻ em , áo tứ thân cách điệu trẻ em | 5giay_160
Áo tứ thân_161
Áo tứ thân, khăn mỏ quạ: Trang phục truyền thống và duyên dáng của phụ nữ  Kinh Bắc - www.dulichvn.org.vn_162
Trang phục áo tứ thân yếm vàng thêu hoa - Hoài Giang shop_163
Áo tứ thân - Biểu tượng cho người phụ nữ Miền Bắc_164
Look 4: Áo tứ thân Cũng là giỏ cá thôi Ngoài ra trên cái xe đó người ta  dùng dây thừng để buộc giỏ cá lại lên mình lấy nó làm idea_165
Người đẹp Kinh Bắc mặc áo tứ thân trong lễ hội Lim gây chú ý_166
Vì đâu mà Đỗ Mỹ Linh khi diện áo tứ thân, đầu đội nón quai thao lại trông  già hẳn vài tuổi thế này | Tin tức Online_167
Vietnamese Girl In Traditional Dress "Áo Tứ Thân" | The "Áo … | Flickr_168
Cho thuê áo tứ thân - Bán cho mướn tứ thân xưa đẹp Sài Gòn_169
Áo Tứ Thân Vẽ 004_170
National Costume áo tứ thân, áo bà ba đẹp nhất của đại diện Việt Nam_171
Áo tứ thân được nhiều sao Việt ưa thích dịp xuân về - LUXUO.VN_172
Top 9 Điểm cho thuê áo tứ thân đẹp và chất lượng nhất tại TP. Hồ Chí Minh -  Mytour.vn_173
Thí sinh Miss Grand mặc áo tứ thân, nhảy sạp, xem Tinh hoa Bắc Bộ | Báo  Pháp luật Việt Nam điện tử_174
AI Art LoRA Model: Vietnamese dress (áo tứ thân) | PixAI_175
Mỹ nhân showbiz Việt "mê mệt” áo tứ thân cách điệu, thi nhau làm tóc kiểu  mỹ nữ cổ trang_176
Mỹ nhân Việt dịu dàng với áo tứ thân_177
Set bộ áo dài cách tân hình ép 3D áo tứ thân nón quai thao cho bé gái |  Lazada.vn_178
Cho thuê áo tứ thân truyền thống miền Bắc giá rẻ năm 2018_179
Áo tứ thân - Nét văn hóa đặc biệt của phụ nữ Kinh Bắc xưa_180
thuê áo tứ thân tứ thân có Giá Tốt Nhất_181
Cho thuê áo tứ thân truyền thống,cách điệu. Mới 100%, giá: 50.000đ, gọi:  0909717977, Quận Gò Vấp - Hồ Chí Minh, id-27e90400_182
Váy Trắng + Yếm Trắng Hoa Tím + Áo Tứ Thân Cách Điệu Xanh | Trang Phục Biểu  Diễn Hà Vy_183
Áo tứ thân trơn mẫu 2314 - Trang phục biểu diễn DiVit_184
TrươngThị May gây ấn tượng với áo tứ thân, guốc mộc, tết tóc dài_185
Áo tứ thân và nón quai thao lên sàn diễn thời trang Thượng Hải | Vietnam+  (VietnamPlus)_186
May bán Cho thuê áo tứ thân vàng ngắn - Trang phục Hoa Mai_187
May áo tứ thân ở tphcm rẻ và đẹp - Trangphucdienanhsang.com_188
Thuê áo tứ thân, áo dài the giá rẻ ở đâu? | 5giay_189
Set áo tứ thân Tấm cám (kèm bảng màu thật) - Bộ | ThờiTrangNữ.vn_190
Traditional Northern Vietnamese Dress - Áo tứ thân_191
ÁO TỨ THÂN | Tin tuc CẬP NHẬT , ao tu than | Báo Người lao động_192
Bạn bè quốc tế trải nghiệm mặc áo tứ thân, khám phá vẻ đẹp Bắc Ninh-_193
Áo tứ thân - Biểu tượng của người phụ nữ Kinh Bắc xưa_194
DUYÊN DÁNG" Top 7 Áo Tứ Thân đẹp hiện nay + Cách mặc áo tứ thân_195
Tha thướt dịu dàng như mỹ nữ Việt diện áo tứ thân | Giáo dục Việt Nam_196
Phong Cách Áo Tứ Thân: Nét đẹp Trong Thời Trang Đương Đại_197
Áo tứ thân trang phục biểu diễn_198
Cho thuê áo tứ thân tà vẽ tay xẻ_199
Dàn thiếu nữ Bắc Ninh mặc áo tứ thân tới tấp nhận được lời khen_200
Cho thuê áo tứ thân » Trang phục biểu diễn Sắc Màu Quận 12_201
áo Tứ Thân đỏ giá rẻ Tháng 6,2024|BigGo Việt Nam_202
Áo Tứ Thân_203
Áo tứ thân - Wikipedia_204
NTK Thạch Linh quảng bá áo dài, áo tứ thân ở Trung Quốc | Thời Đại_205
Áo tứ thân, khăn mỏ quạ - nét duyên dáng của phụ nữ Kinh Bắc - THƯ VIỆN  TỔNG HỢP_206
Áo Tứ Thân Hồng Liên - Pháp phục Thiên Địa Duyên_207
Cho Thuê Áo Tứ Thân Giá Rẻ Tại Thủ Đức_208
Áo tứ thân là gì ? Tổng hợp mẫu áo dài tứ thân đẹp nhất - Tài Lộc Wedding_209
Bạn Muốn Mua Và Thuê Áo Tứ Thân Đẹp Giá Tốt Tại TPHCM_210
Dàn mỹ nhân Việt mê đắm thiết kế áo tứ thân cách điệu của NTK Adrian Anh  Tuấn - Tạp chí Đẹp_211
Áo tứ thân, Tin tức, hình ảnh và video mới nhất về Áo tứ thân - toquoc.vn_212
Cho thuê áo bà ba nam nữ, áo tứ thân, váy yếm | Ho Chi Minh City_213
chuyên cho thuê trang phục áo tứ thân các loại tphcm - Trang Phục Biểu Diễn  Minh Thiện_214
Áo tứ thân_215
Áo tứ thân Bích Động - Hoa Cúc_216
Thướt tha tà áo tứ thân xứ kinh Bắc_217
Thí sinh Miss Grand mặc áo tứ thân, nhảy sạp, xem Tinh hoa Bắc Bộ | Báo  Pháp luật Việt Nam điện tử_218
Em chồng Hà Tăng diện áo bà ba, áo tứ thân rực rỡ trong suốt ngày_219
vivi nguyen — Áo tứ thân_220
FREESHIP] [TẶNG KHĂN ĐAI] Áo tứ thân, áo quan họ đủ màu hàng xịn, giá rẻ |  Lazada.vn_221
Áo tứ thân nữ: Vẻ đẹp truyền thống của phụ nữ Việt Nam_222
Ngô Đình Duy & Thân Hữu: Thơ & Hình: ○ Áo Tứ Thân (photo by Phạm Tỵ)_223
Image result for áo tứ thân | Áo dài, Thời trang, Việt nam_224
Váy Áo Tứ Thân 006_225
Áo tứ thân của Nguyễn Thị Loan lọt top 10 trang phục dân tộc đẹp nhất |  VTV.VN_226
Trang phục biều diễn áo tứ thân_227
Don Nguyễn e thẹn khi mặc áo tứ thân_228
Lịch sử và nguồn gốc của Áo tứ thân truyền thống_229
Trang phục áo tứ thân yếm vàng thêu hoa - Hoài Giang shop_230
Mê mẩn ngắm sao Việt diện áo tứ thân tuyệt đẹp_231
Gần 70 thí sinh Miss Grand International 2023 đồng loạt diện áo tứ thân_232
ÁO TỨ THÂN : “Múa đèn chạy chữ” ở Thanh Hoá được công nhận di sản quốc gia  - DNTT online_233
Áo tứ thân - Vẻ đẹp chuẩn mực người con gái Kinh Bắc_234
Thuyết trình áo tứ thân by Nguyễn Phúc Thanh Hiền on Prezi_235
Áo Tứ Thân (Ngọc Hạ) - Lời bài hát, tải nhạc Zing MP3_236
Cho thuê áo tứ thân V3 - Trang phục biểu diễn Hoa Mai_237
Hướng Dẫn cách Cột Áo Tứ Thân. Và Ngày Mai Sẽ Lên Clip Hướng Dẫn Múa Bài  Hào Khí Việt Nam. Tư vấn - YouTube_238
Áo tứ thân (1) | Ao dai, Vietnamese traditional dress. | Doremon360 | Flickr_239
Áo tứ thân trơn mẫu 238 - Trang phục biểu diễn DiVit_240
Cho thuê áo tứ thân voan lụa vẽ_241
Cách mặc áo tứ thân đẹp tôn lên nét duyên dáng nổi bật nhất_242
Rũ bỏ mác 'nàng thơ, Hoa khôi Trà My cá tính với áo tứ thân lạ mắt_243
Cho thuê áo tứ thân truyền thống miền Bắc giá rẻ năm 2018_244
TrươngThị May gây ấn tượng với áo tứ thân, guốc mộc, tết tóc dài_245
Phong Cách Áo Tứ Thân: Nét đẹp Trong Thời Trang Đương Đại_246
Cận cảnh bộ áo tứ thân Nguyễn Thị Loan trình diễn tại cuộc thi Hoa hậu Hòa  bình quốc tế | Báo điện tử An ninh Thủ đô_247
ArtStation - ÁO TỨ THÂN - CỜ ÁO VIỆT BOARDGAME_248
Set áo tứ thân Tấm cám (kèm bảng màu thật) - Bộ | ThờiTrangNữ.vn_249
Em chồng Hà Tăng diện áo bà ba, áo tứ thân rực sắc màu trong suốt ngày Tết_250
Áo Tứ Thân_251
NTK Thạch Linh quảng bá áo dài, áo tứ thân ở Trung Quốc | Thời Đại_252
Chuyên Cho Thuê Trang Phuc Biểu Diễn Áo Dài, Áo Yếm, Áo Tứ Thân_253
Áo tứ thân trong xu hướng thời trang hiện đại của bạn trẻ - Thời trang -  Việt Giải Trí_254
Áo tứ thân là gì ? Tổng hợp mẫu áo dài tứ thân đẹp nhất - Tài Lộc Wedding_255
DUYÊN DÁNG" Top 7 Áo Tứ Thân đẹp hiện nay + Cách mặc áo tứ thân_256
Những 'cô Tấm' mũ nồi xanh với hành trang áo dài, áo tứ thân sang châu Phi_257
Áo Tứ Thân - 11 - Trang Phục Biểu Diễn Ánh Sáng_258
Các cô gái mặc áo tứ thân, chít khăn mỏ quạ đi hội Lim - Báo VnExpress_259
Độc lạ Hổ Bắc Ninh mặc áo tứ thân, đội nón quai thao chào Xuân Nhâm Dần_260
Đỗ Mỹ Linh mang áo tứ thân giới thiệu với bạn bè thế giới_261
ATT14 - Áo Tứ Thân Cách Điệu – Trang Phục Biểu Diễn TN_262
Áo tứ thân: tin tức, hình ảnh, video, bình luận mới nhất_263
Áo Tứ Thân Hồng – Authentic Store_264
Lan Khuê mặc áo tứ thân thi tài năng tại Miss World_265
GẤC ĐỎ. - ÁO TỨ THÂN - MẸ ĐẺ CỦA CHIẾC ÁO DÀI TRUYỀN THỐNG “… nho nhỏ cái  đuôi gà cao em đeo cái dải yếm đào quần lĩnh áo the_266
Áo tứ thân - Đọc báo, tin tức mới nhất 24h qua - Afamily_267
Biểu Tượng Áo Tứ Thân | PDF_268
Bộ Tứ Thân Bắc Bộ - Áo Tứ Thân Tím Đỏ Lục Vàng Giá Tốt - BBCosplay.com_269
Áo tứ thân » Báo Phụ Nữ Việt Nam_270
Sumire Store Áo tứ thân Bích Động - 03 màu | Lazada.vn_271
Thú vị áo sơ mi dựa trên nền áo tứ thân_272
Trang phục áo tứ thân trẻ em, áo tứ thân mầm non xưởng may Phúc Khang |  5giay_273
Áo tứ thân - Biểu tượng cho người phụ nữ Miền Bắc_274
Áo tứ thân - Wikiwand_275
Set áo tứ thân siêu đẹp | Shopee Việt Nam_276
Yếm Đào - Áo Tứ Thân 0308 | Phong cách thời trang, Áo dài, Thời trang nữ_277
Áo tứ thân_278
Võ Tắc Thiên mặc áo tứ thân cuốn hút vì đẹp lạ_279
Áo tứ thân và nón quai thao lên sàn diễn thời trang Thượng Hải | Vietnam+  (VietnamPlus)_280
Áo Tứ Thân - Thời Trang Tái Chế_281
Cò áo tứ thân giằng giật, ép khách trước giờ khai hội Lim | Tin tức Online_282
Những điều ít ai biết về áo tứ thân - trang phục truyền thống của phụ nữ  Việt | Chú Đọc Truyện_283
Tạo dáng với áo tứ thân #missaodai #missaodaicantho #huongdantaodang #... |  TikTok_284
Thơ 1-2-3 Lưu Minh Hải: Áo tứ thân mấy tà buộc hồn câu quan họ - Văn Học  Sài Gòn_285
Dàn người đẹp Hoa hậu Hòa bình quốc tế diện áo tứ thân_286
Áo tứ thân nữ: Vẻ đẹp truyền thống của phụ nữ Việt Nam_287
Dàn mỹ nhân Việt mê đắm thiết kế áo tứ thân cách điệu của NTK Adrian Anh  Tuấn - Tạp chí Đẹp_288
áo tứ thân - Tin Tức về áo tứ thân mới nhất_289
Tranh chân dung sơn dầu cổ điển cô gái mặc áo tứ thân - CD8_290
Áo tứ thân trắng voan đỏ » Mẫu áo tứ thân được yêu thích nhất_291
Tìm hồn thôn quê trong chiếc áo tứ thân | Giáo dục Việt Nam_292
Áo tứ thân – foxdesign3d.com_293
Áo tứ thân cách tân | Trang Phục Biểu Diễn Ấn Tượng_294
Vì sao nên mặc áo tứ thân đi chứng đơn? - Tuổi Trẻ Online_295
THUÊ ÁO TỨ THÂN RẺ - ĐẸP - Ở HCM – Sand Outfit_296
Thí sinh Miss Grand mặc áo tứ thân, nhảy sạp, xem show Tinh hoa Bắc_297
Hoàng My tự tin trình diễn áo tứ thân cách điệu_298
Lời bài hát Áo tứ thân- Loi bai hat Ao tu than_299
Trương Thị May gây sốt với áo tứ thân và đôi guốc mộc_300
DUYÊN DÁNG" Top 7 Áo Tứ Thân đẹp hiện nay + Cách mặc áo tứ thân_301
Áo Tứ Thân Xanh Phối Màu_302
Bạn bè quốc tế trải nghiệm mặc áo tứ thân, khám phá vẻ đẹp Bắc Ninh-Kinh Bắc_303
Gần 70 thí sinh Miss Grand International 2023 đồng loạt diện áo tứ thân_304
Áo tứ thân - Tin tức mới nhất 24h qua - Báo VnExpress_305
Áo tứ thân - Wikipedia_306
Ốc Thanh Vân diện áo tứ thân, nhí nhảnh khoe bụng bầu 5 tháng_307
Áo tứ thân: tin tức, hình ảnh, video, bình luận mới nhất_308
CapCut_Áo tứ thân_309
Clip cô gái mặc áo tứ thân múa cột gây phản cảm - Tin nổi bật - Việt Giải  Trí_310
Reply to @meimei3428 Belle x áo tứ thân. Công chúa yêu thích nhất của... |  TikTok_311
Phi Nhung mặc áo tứ thân, đội nón quai thao thị phạm cho thí sinh | Báo  điện tử An ninh Thủ đô_312
Áo tứ thân, khăn mỏ quạ - Võ Quang Yến - Chim Việt Cành Nam - Chim Việt_313
áo tứ thân Archives - Cao Đẳng FPT Polytechnic_314
Thuê áo tứ thân cách tân ở tphcm rẻ - Trangphucdienanhsang.com_315
Mua Áo Tứ Thân, Áo Quan Họ Đủ Màu Hàng Xịn, Giá Rẻ Giảm Giá - Yeep_316
May bán Cho thuê áo tứ thân hồng cách điệu H1 - Trang phục Hoa Mai_317
Thí sinh 'Miss Grand international' 2023 cùng mặc áo tứ thân, nhảy sạp_318
Búp bê áo dài Việt Nam - Áo tứ thân (28cm x 8cm x 8cm)_319
Trang phục biều diễn áo tứ thân_320
Người mẫu mặc áo tứ thân đi chân đất, guốc mộc trong show 'Duyên'_321
Áo tứ thân - Hàng thiết kế - Áo dài | ThờiTrangNữ.vn_322
Áo tứ thân yếm trắng trơn | Shopee Việt Nam_323
Áo tứ thân, Tin tức, hình ảnh và video mới nhất về Áo tứ thân - toquoc.vn_324
55 Áo Tứ Thân ý tưởng | áo dài, áo, việt nam_325
Thuê áo tứ thân cách tân | Ho Chi Minh City_326
Thí sinh Miss Grand mặc áo tứ thân, nhảy sạp, xem show Tinh hoa Bắc Bộ cùng  3000 khán giả - MOLI Star_327
Bảo Tiên mặc áo tứ thân duyên dáng bên mẹ_328
Con gái VŨ THU PHƯƠNG đáng yêu khi diện áo tứ thân, CON GAI VU THU PHUONG  DIEN AO TU THAN_329
Đại diện Việt Nam mặc áo tứ thân nhảy điệu truyền thống của Nhật Bản |  Vietnam+ (VietnamPlus)_330
Thuê Đồ Áo Tứ Thân Đẹp Và Rẻ Nhất Sài Gòn. Có Nhiều Mẫu Mới 2024_331
Người đẹp Kinh Bắc mặc áo tứ thân trong lễ hội Lim gây chú ý_332
Cho thuê áo tứ thân truyền thống miền Bắc giá rẻ năm 2018_333
Áo tứ thân nữ: Vẻ đẹp truyền thống của phụ nữ Việt Nam_334
Váy Áo Tứ Thân 017_335
Rũ bỏ mác 'nàng thơ, Hoa khôi Trà My cá tính với áo tứ thân lạ mắt_336
Giảm giá Áo tứ thân, áo quan họ đủ màu hàng xịn, giá rẻ - Mua Thông Minh_337
Thí sinh Miss Grand mặc áo tứ thân, nhảy sạp, xem Tinh hoa Bắc Bộ | Báo  Pháp luật Việt Nam điện tử_338
Cho thuê áo tứ thân miền Bắc » mẫu đẹp - giá rẻ nhất HCM_339
Trang phục áo tứ thân trẻ em, áo tứ thân mầm non xưởng may Phúc Khang |  5giay_340
Thí sinh 'Miss Grand international' 2023 cùng mặc áo tứ thân, nhảy sạp_341
Thí sinh Miss Grand International 2023 diện áo tứ thân_342
Áo Tứ Thân (Thu Hiền) - Lời bài hát, tải nhạc Zing MP3_343
Áo tứ thân – foxdesign3d.com_344
Tìm hồn thôn quê trong chiếc áo tứ thân | Giáo dục Việt Nam_345
Áo tứ thân Bích Động - Hoa Sen_346
THUÊ ÁO TỨ THÂN RẺ - ĐẸP - Ở HCM – Sand Outfit_347
Áo tứ thân HH078 | Áo Dài Shop_348
Mê mẩn khi ngắm Trúc Diễm diện áo tứ thân khoe vai trần - 2sao_349
Cho thuê áo tứ thân truyền thống,cách điệu. Mới 100%, giá: 50.000đ, gọi:  0909717977, Quận Gò Vấp - Hồ Chí Minh, id-27e90400_350
NTK Thạch Linh quảng bá áo dài, áo tứ thân ở Trung Quốc | Thời Đại_351
Áo Tứ Thân Hồng Liên - Pháp phục Thiên Địa Duyên_352
Dàn mỹ nhân Việt mê đắm thiết kế áo tứ thân cách điệu của NTK Adrian Anh  Tuấn - Tạp chí Đẹp_353
Thí sinh Miss Charm 2023 nhảy múa trong áo yếm, áo tứ thân Việt Nam - Tin  tức, giải trí, thông tin sao Việt_354
20 ý tưởng Áo Tứ Thân Thì Nên Làm Tóc J hàng đầu trong năm 2024_355
Áo Tứ Thân Hồng_356
Chuyên Cho Thuê Trang Phuc Biểu Diễn Áo Dài, Áo Yếm, Áo Tứ Thân_357
Áo Tứ Thân Là Gì? Mang Ý Nghĩa Và Lịch Sử Như Thế Nào?_358
Mua Set YẾM ĐỤP ÁO TỨ THÂN màu trắng hồng chụp sen cổ phục đẹp CHAYEM06 |  Tiki_359
National Costume áo tứ thân, áo bà ba đẹp nhất của đại diện Việt Nam_360
Trang phục áo tứ thân Trang phục Nguyên Ngọc_361
Tin nhanh Bắc Ninh: 'Hổ Bắc Ninh' mặc áo tứ thân, đội nón quai thao_362
H'Hen Niê, Khánh Vân mặc áo tứ thân du xuân_363
Top 9 Cửa hàng cho thuê áo tứ thân đẹp và chất lượng nhất TP. HCM -  toplist.vn_364
Áo tứ thân của Nguyễn Thị Loan lọt top 10 trang phục dân tộc đẹp nhất |  VTV.VN_365
FREESHIP] áo tứ thân nữ, áo quan họ nữ cao cấp the 2 lớp vạt xanh có cúc  bấm vải xịn | Lazada.vn_366
Mặc áo tứ thân, đội khăn mỏ quạ... đi thi đại học_367
Ốc Thanh Vân diện áo tứ thân, nhí nhảnh khoe bụng bầu 5 tháng_368
áO Tứ Thân Nữ giá rẻ Tháng 6,2024|BigGo Việt Nam_369
Đỗ Mỹ Linh bị chê 'sến' khi diện áo tứ thân tại Miss World - Ngôi sao_370
Đỗ Mỹ Linh diện áo tứ thân, duyên dáng bên các thí sinh Miss World_371
Cận cảnh bộ áo tứ thân Nguyễn Thị Loan trình diễn tại cuộc thi Hoa hậu Hòa  bình quốc tế | Báo điện tử An ninh Thủ đô_372
Áo tứ thân cách điệu - Mẫu mã lạ, hàng thiết kế - Áo dài | ThờiTrangNữ.vn_373
Thí sinh Miss Grand mặc áo tứ thân, nhảy sạp, xem show Tinh hoa Bắc Bộ cùng  3000 khán giả - MOLI Star_374
May áo tứ thân ở tphcm rẻ và đẹp - Trangphucdienanhsang.com_375
Áo tứ thân - Giá Tốt, Miễn Phí Vận Chuyển, Đủ Loại | Shopee Việt Nam_376
Áo Tứ Thân in An Ancient Structure | Áo Tứ Thân (4-part dres… | Flickr_377
Người mẫu mặc áo tứ thân đi chân đất, guốc mộc trong show 'Duyên'_378
Yếm Đào - Áo Tứ Thân 0341 | Áo dài, Con gái, Yếm_379
Áo tứ thân - Biểu tượng của người phụ nữ Kinh Bắc xưa - Cosy_380
Cho thuê áo tứ thân quận 1 TPHCM_381
Người đẹp Miss Charm 2023 mặc áo tứ thân chơi trò chơi dân gian_382
TrươngThị May gây ấn tượng với áo tứ thân, guốc mộc, tết tóc dài_383
Thuê Đồ Áo Tứ Thân Đẹp Và Rẻ Nhất Sài Gòn. Có Nhiều Mẫu Mới 2024_384
Áo tứ thân là gì ? Tổng hợp mẫu áo dài tứ thân đẹp nhất - Tài Lộc Wedding_385
Đồ tứ thân xanh bích » Áo tứ thân trơn nhiều màu_386
DUYÊN DÁNG" Top 7 Áo Tứ Thân đẹp hiện nay + Cách mặc áo tứ thân_387
ÁO TỨ THÂN - Issuu_388
Thanh Trúc 9X diện áo tứ thân của NTK Adrian Anh Tuấn - Phong cách sao -  Việt Giải Trí_389
Áo tứ thân miền nam | Áo tứ thân biểu diễn | Áo tứ thân sài gòn_390
Á Hậu Tú Anh bất ngờ tái xuất sau sinh trong áo tứ thân – Nghi vấn_391
Đại diện Việt Nam mặc áo tứ thân nhảy điệu truyền thống của Nhật Bản |  Vietnam+ (VietnamPlus)_392
Áo tứ thân Bích Động - Hoa Đào_393
Áo Tứ Thân - Áo Yếm_394
THUÊ ÁO TỨ THÂN RẺ - ĐẸP - Ở HCM – Sand Outfit_395
Áo tứ thân_396
Váy áo tứ thân biểu diễn | Ho Chi Minh City_397
Tha thướt dịu dàng như mỹ nữ Việt diện áo tứ thân | Giáo dục Việt Nam_398
Sash Factor | Beautiful Grand Ladies on Áo Tứ Thân , Vietnam's cultural  costume #MGI #GrandExperiences #MissGrandInternational  #MissGrandInternat... | Instagram_399
Trang phục áo tứ thân trẻ em, áo tứ thân mầm non xưởng may Phúc Khang |  5giay_400
Áo tứ thân nữ: Vẻ đẹp truyền thống của phụ nữ Việt Nam_401
Áo tứ thân_402
Sash Factor | Beautiful Grand Ladies on Áo Tứ Thân , Vietnam's cultural  costume #MGI #GrandExperiences #MissGrandInternational  #MissGrandInternat... | Instagram_403
Mặc áo tứ thân, Nguyễn Thị Loan tự tin tỏa sáng trước bạn bè quốc tế |  VTV.VN_404
Thanh Trúc 9X diện áo tứ thân của NTK Adrian Anh Tuấn - Phong cách sao -  Việt Giải Trí_405
Vũ Thu Phương mặc áo tứ thân đến nhận giải top 10 nhà hàng, quán ăn thú vị  tại TP Hồ Chí Minh. - Hậu trường Sao_406
Độc lạ Hổ Bắc Ninh mặc áo tứ thân, đội nón quai thao chào Xuân Nhâm Dần_407
Áo tứ thân bên Đình - Dân ca quan họ Bắc Ninh trong trẻo ngọt ngào nhất_408
Á hậu Trịnh Kim Chi diện áo tứ thân ngồi ghế nóng - Báo điện tử VnMedia -  Tin nóng Việt Nam và thế giới_409
Kiều Khanh chọn áo tứ thân làm trang phục dân tộc_410
Mua Quan họ- Áo tứ thân | Tiki_411
Vẽ anime áo mặc áo dài hoặc áo tứ thân. Nl: Nhận xét giúp mik pic này vs  ạ,mik vẽ theo ảnh bên trái á mn. câu hỏi 3870342 - hoctapsgk.com_412
áo tứ thân cách điệu: tin tức, hình ảnh, video, bình luận mới nhất_413
Vy Oanh khoe lưng trần nuột nà với áo tứ thân_414
Áo tứ thân » Báo Phụ Nữ Việt Nam_415
May Bán Áo Tứ Thân, Trang Phục Tứ Thân, Đồ Tứ Thân, Áo Yếm Giá Rẻ Nhất -  0906.674.217_416
Cho thuê áo tứ thân quận 1 TPHCM_417
Thí sinh Miss Charm 2023 nhảy múa trong áo yếm, áo tứ thân Việt Nam - Tin  tức, giải trí, thông tin sao Việt_418
Mỹ thuật - Áo tứ thân, tác giả thanhkien - Ý tưởng ban đầu là hiệp khách nà  lại thành nông dân | Visit vietnam, Vietnam, Painting_419
Áo Tứ Thân - 47 - Trang Phục Biểu Diễn Ánh Sáng_420
Khi khoai lang, ấm trà, áo tứ thân trở thành... robot | Báo Pháp Luật TP.  Hồ Chí Minh_421
May bán Cho thuê áo tứ thân quan họ - Trang phục Hoa Mai_422
Cận cảnh bộ áo tứ thân Nguyễn Thị Loan trình diễn tại cuộc thi Hoa hậu Hòa  bình quốc tế | Báo điện tử An ninh Thủ đô_423
Áo Tứ Thân Hồng Cốm – Authentic Store_424
Cho thuê trang phục áo tứ thân lụa trắng_425
Trà My Idol diện áo tứ thân vẫn chuẩn men_426
ATT13 - Trang phục Áo Tứ Thân – Trang Phục Biểu Diễn TN_427
Mẹ chồng Hà Tăng bất ngờ diện áo tứ thân cùng con cái Tiên Nguyễn | Tin tức  Online_428
Trường Giang, Trấn Thành giả gái với áo tứ thân “xấu không thể tả” | THÔNG  TIN ĐIỆN TỬ TỔNG HỢP_429
Người đẹp thế giới mặc áo tứ thân, trải nghiệm văn hoá Việt Nam_430
Áo tứ thân | Lần thứ 2 mình được mặc :3 =)) Mình thật hạnh p… | Flickr_431
Thí sinh 'Miss Grand international' 2023 cùng mặc áo tứ thân, nhảy sạp_432
Tìm hồn thôn quê trong chiếc áo tứ thân | Giáo dục Việt Nam_433
Áo tứ thân Bích Động - Hoa Sen_434
Thuê áo tứ thân ngắn tại xưởng, giá rẻ, chất lượng tốt, mẫu mã đa dạng_435
Dàn mỹ nhân Việt mê đắm thiết kế áo tứ thân cách điệu của NTK Adrian Anh  Tuấn - Tạp chí Đẹp_436
HUYỀN TÍCH ÁO TỨ THÂN Trọn Bộ | Truyện Cổ Tích Việt Nam | Cổ Tích 3D Việt  Nam 2023 | THVL Hoạt Hình - YouTube_437
Nguyễn Thị Loan rạng ngời với áo tứ thân tại Miss World_438
Sao Việt chuộng áo tứ thân của Adrian Anh Tuấn - Ngôi sao_439
Vietnamese Language Studies - Trang phục Việt Nam: Áo tứ thân Áo tứ thân là  tiền thân của Áo dài - trang phục truyền thống của Việt Nam. Áo tứ thân là_440
Áo tứ thân của Nguyễn Thị Loan lọt top 10 trang phục dân tộc đẹp nhất |  VTV.VN_441
Áo tứ thân và nón quai thao lên sàn diễn thời trang Thượng Hải | Vietnam+  (VietnamPlus)_442
CapCut_yếm đào áo tứ thân_443
Móc khóa áo tứ thân Việt Nam-K90 giá sỉ, giá bán buôn - Thị Trường Sỉ_444
Thuê áo tứ thân cùng nón quai thao Đã qua sử dụng, giá: 60.000đ, gọi:  0909717977, Quận Bình Thạnh - Hồ Chí Minh, id-387a0500_445
Cò áo tứ thân giằng giật, ép khách trước giờ khai hội Lim - Xã hội_446
Áo Tứ Thân - 43 - Trang Phục Biểu Diễn Ánh Sáng_447
Cho Thuê Trang Phục Áo Tứ Thân, Váy Yếm Đụp Giá Rẻ Tại Thủ Đức_448
Mua áo tứ thân áo hát chèo đẹp ở đâu?_449
Đỗ Mỹ Linh bị chê sến khi diện áo tứ thân tại Miss World_450
Giám khảo "xin chết" vì Đại Nghĩa mặc áo tứ thân_451
Ốc Thanh Vân diện áo tứ thân, nhí nhảnh khoe bụng bầu 5 tháng_452
Áo tứ thân cách điệu (Việt Nam) | Fashion_453
Thí sinh Miss Charm 2023 nhảy múa trong áo yếm, áo tứ thân Việt Nam - Thế  Giới Giải Trí_454
Mua Bookmark Quilling & Veneer Nhỏ Việt Net - Áo Tứ Thân Mẫu 1 | Tiki_455
Mua Áo Dài Tứ Thân. Áo Tứ Thân Chụp Sen Kèm Mấn Nhiều Màu - Mẹ Gạo Giảm Giá  - Yeep_456
Áo tứ thân » Báo Phụ Nữ Việt Nam_457
Set bộ áo dài cách tân hình ép 3D áo tứ thân nón quai thao cho bé gái |  Lazada.vn_458
Áo tứ thân trẻ em , áo tứ thân cách điệu trẻ em | 5giay_459
Váy Tứ Thân Lụa Nhật Hồng Phối Xanh, Áo Tứ Thân, Sét Áo Tứ Thân, Trang Phục Áo  Tứ Thân Vải Lụa Mềm Mại | Shopee Việt Nam_460
áo tứ thân cách điệu: Tin tức, Video, hình ảnh áo tứ thân cách điệu_461
Hai mẹ con Trương Ngọc Ánh đẹp dịu dàng trong áo tứ thân_462
Cách tạo dáng với áo tứ thân (p2) #missaodai #missaodaicantho #huongda... |  TikTok_463
Yếm Đào - Áo Tứ Thân | Flickr_464
Hot clip: Hot girl Andrea diện áo tứ thân hát "Bèo dạt mây trôi"_465
Lan Khuê mặc áo tứ thân thi tài năng tại Miss World_466
áo Tứ Thân Nữ giá rẻ Tháng 5,2024|BigGo Việt Nam_467
Cho thuê áo tứ thân tà vẽ_468
Bức xúc clip mặc áo tứ thân... múa cột_469
Dàn người đẹp Hoa hậu Hòa bình quốc tế diện áo tứ thân_470
Tập tin:Áo tứ thân.jpg – Wikipedia tiếng Việt_471
Set áo tứ thân Tấm cám (kèm bảng màu thật) - Bộ | ThờiTrangNữ.vn_472
May áo tứ thân cho búp bê_473
Hội miền Quan họ thay áo tứ thân bằng bikini sexy bỏng mắt_474
Áo tứ thân và nón quai thao lên sàn diễn thời trang Thượng Hải | Vietnam+  (VietnamPlus)_475
Tìm hồn thôn quê trong chiếc áo tứ thân | Giáo dục Việt Nam_476
Áo Tứ Thân - 13 - Trang Phục Biểu Diễn Ánh Sáng_477
Địa chỉ thuê áo tứ thân đẹp,rẻ tại HCM bạn chưa biết. Đã qua sử dụng, giá:  60.000đ, gọi: 0909717977, Quận Gò Vấp - Hồ Chí Minh, id-e7a20500_478
Áo tứ thân của Nguyễn Thị Loan lọt top 10 trang phục dân tộc đẹp nhất |  VTV.VN_479
Áo tứ thân trẻ em | Áo tứ thân truyền thống |Áo tứ thân biểu diễn_480
Thuê Áo Tứ Thân Giá Rẻ Quận 1, 2 Tại Hồ Chí Minh_481
May bán Cho thuê áo tứ thân khoác đỏ - Trang phục Hoa Mai_482
Khám phá lịch sử của Áo tứ thân Từ xưa đến nay_483
Tin nhanh Bắc Ninh: 'Hổ Bắc Ninh' mặc áo tứ thân, đội nón quai thao_484
HỌA - ÁO TỨ THÂN (English caption belows) “Nào đâu cái yếm lụa sồi? Cái dây  lưng đũi nhuộm hồi sang xuân? Nào đâu cái áo tứ thân? Cái khăn mỏ quạ,_485
Người đẹp Kinh Bắc mặc áo tứ thân trong lễ hội Lim gây chú ý_486
Mua Bookmark Veneer Màu Việt Net - Áo Tứ Thân Mẫu 2 | Tiki_487
Miss International 2022 Jasmin Selberg diện áo tứ thân, xem cải lương_488
Áo tứ thân - Tin tức mới nhất 24h qua - Báo VnExpress_489
CapCut_người bắc ninh chất áo tứ thân_490
Yếm Đào - Áo Tứ Thân 0041 | HƯƠNG SƠN NGỌC HƯNG Phone: 09773… | Flickr_491
Áo khoác tứ thân » Áo tứ thân màu nhẹ đơn giản_492
Nguyễn Thị Loan diện áo tứ thân, tự tin múa uyển chuyển tại Hoa hậu Hòa  bình Quốc tế 2016_493
Non-gendered Relaxed Áo Tứ Thân - Silk 4-ply Crepe — Thai Nguyen Atelier_494
so sánh áo tứ thân xưa và nay | Việt nam, Lịch sử cổ đại, Lịch sử việt nam_495
Áo tứ thân | LAODONGTRE.VN_496
Cho thuê áo tứ thân truyền thống miền Bắc giá rẻ năm 2018_497
Karaoke chèo song ca: Áo tứ thân. Thơ: Hoàng Anh Tuấn. Chuyển chèo An  HaiMinh - YouTube_498
Áo Tứ Thân | How It's Made – Vietnamese Language Studies_499
Áo tứ thân: Lan Phương giữ lớp hóa trang đặc biệt 28 tiếng cho cảnh quay  trong "Tết ở làng địa ngục" | VTV.VN_500
Áo tứ thân và nón quai thao lên sàn diễn thời trang Thượng Hải | Vietnam+  (VietnamPlus)_501
Thí sinh Miss Charm thích thú khi diện áo yếm, áo tứ thân_502
Độc đáo trang phục áo dài kết hợp áo tứ thân của cô gái Hà Nội_503
Thằng Bờm - Cho Thuê Trang Phục Biểu Diễn - ✳️ Trang Phục : (Áo Tứ Thân )  còn rất nhiều mẫu áo Tứ Thân ạ ! 🅾️ Game Show :" Thần_504
H'Hen Niê, Khánh Vân mặc áo tứ thân du xuân_505
Thuê Váy Áo Tứ Thân Ở Đâu? Hcm Tại Hồ Chí Minh_506
Lan Khuê mặc áo tứ thân thi tài năng tại Miss World_507
Chẳng cần mặc đồ hiệu, Tiên Nguyễn diện trang phục áo tứ thân đón Tết vẫn_508
áo Tứ Thân Hồng giá rẻ Tháng 6,2024|BigGo Việt Nam_509
Dàn thiếu nữ được khen xinh đẹp khi mặc áo tứ thân, chít khăn mỏ_510
Các cô gái mặc áo tứ thân, chít khăn mỏ quạ đi hội Lim - Báo VnExpress_511
Áo tứ thân cấp 1 | áo tứ thân trẻ em | Áo tứ thân học sinh cấp 1_512
Mua Set YẾM ĐỤP ÁO TỨ THÂN màu trắng hồng chụp sen cổ phục đẹp CHAYEM06 |  Tiki_513
Choáng váng phát ngôn của người mẫu An Tây về áo tứ thân | Giáo dục Việt Nam_514
CapCut_vẽ áo tứ thân_515
Đinh Ngọc Diệp xinh đẹp khi mặc áo tứ thân_516
Áo tứ thân may, bán và cho thuê - Trang Phục Diễn Ánh Sáng_517
Áo tứ thân quan họ – nét duyên người... - Trang phục Duyên Hà | Facebook_518
Mỹ Linh mặc áo dài, áo tứ thân nhạt nhòa tại Miss World 2017 khiến fans vô  cùng lo lắng!_519
Áo Tứ Thân - Áo Yếm_520
Chuyên Cho Thuê Áo Tứ Thân, Áo Váy Tại Hà Nội_521
Nẻo về nguồn cội: Áo tứ thân - Vẻ đẹp trang phục phụ nữ Kinh Bắc - Video đã  phát trên VTV1 | VTV.VN_522
Lan Khuê mặc áo tứ thân thi tài năng tại Miss World_523
Người đẹp Miss Charm 2023 mặc áo tứ thân chơi trò chơi dân gian_524
Cho thuê áo tứ thân rẻ,đẹp nhất HCM. Đã qua sử dụng, giá: 60đ, gọi:  0909717977, Quận 11 - Hồ Chí Minh, id-d8a30500_525
Việt Hương mặc áo tứ thân, "lạy sống" Trấn Thành_526
Yếm Đào - Áo Tứ Thân 0091 | HƯƠNG SƠN NGỌC HƯNG - Phone: 097… | Flickr_527
Các cô gái mặc áo tứ thân, chít khăn mỏ quạ đi hội Lim - Báo VnExpress_528
Áo tứ thân miền nam | Áo tứ thân biểu diễn | Áo tứ thân sài gòn_529
Tha thướt dịu dàng như mỹ nữ Việt diện áo tứ thân | Giáo dục Việt Nam_530
Mẫu nhí Bảo Hà diện áo tứ thân cách tân mở màn show diễn của NTK Hoàng Hải  tại sự kiện ngoại giao Việt-Ấn - Tạp chí Đẹp_531
Giảm giá Thời trang tái chế - Áo tứ thân - Mua Thông Minh_532
Hot clip: Hot girl Andrea diện áo tứ thân hát "Bèo dạt mây trôi"_533
Mỹ Linh duyên dáng trong bộ áo tứ thân mang đậm nét người phụ nữ Việt Nam -  YouTube_534
CapCut_áo tứ thân mặc tết_535
Đại diện Việt Nam mặc áo tứ thân nhảy điệu truyền thống của Nhật Bản |  Vietnam+ (VietnamPlus)_536
Cho thuê áo tứ thân truyền thống,cách điệu. Mới 100%, giá: 50.000đ, gọi:  0909717977, Quận Gò Vấp - Hồ Chí Minh, id-27e90400_537
Linh vật mèo Bắc Ninh mặc áo tứ thân, đội nón quai thao_538
Yếm Đào - Áo Tứ Thân 0297 | HƯƠNG SƠN NGỌC HƯNG - Phone: 097… | Flickr_539
Đồ tứ thân xanh bích » Áo tứ thân trơn nhiều màu_540
MC Anh Thơ cùng con gái cưng hóa 'nàng thơ' với áo tứ thân điệu đà - Tuổi  Trẻ Online_541
Áo tứ thân miền nam | Áo tứ thân biểu diễn | Áo tứ thân sài gòn_542
Áo Tứ Thân Xanh Phối Màu_543
Chuyên May Bán, Cho Thuê Áo Tứ Thân , Váy Yếm Cho Người Lớn_544
Mua Bookmark Quilling & Veneer Nhỏ Việt Net - Áo Tứ Thân Mẫu 2 | Tiki_545
Các cô gái mặc áo tứ thân, chít khăn mỏ quạ đi hội Lim - Báo VnExpress_546
Mê mẩn màn trình diễn diễn áo dài, áo tứ thân đẹp rực rỡ của Gánh hát lô tô  Hương Nam - YouTube_547
Áo Tứ Thân Xanh Phối Màu_548
Người đẹp Miss Charm 2023 mặc áo tứ thân chơi trò chơi dân gian_549
Thuê Áo Tứ Thân Đẹp Và Rẻ Tại Gò Vấp_550
Áo tứ thân trên... trống đồng Ngọc Lũ! - Tuổi Trẻ Online_551
Áo tứ thân miền nam | Áo tứ thân biểu diễn | Áo tứ thân sài gòn_552
Trang phục tấm cám trẻ em » Áo tứ thân trẻ em cho thuê_553
Cho thuê áo tứ thân rẻ,đẹp nhất HCM. Đã qua sử dụng, giá: 60đ, gọi:  0909717977, Quận 11 - Hồ Chí Minh, id-d8a30500_554
Áo Tứ Thân Xanh Dương nhạt Yếm Trắng Họa Tiết Hoa 112_555
Người đẹp có chỉ số vàng trình diễn áo tứ thân ở Miss Grand International_556
Áo Tứ Thân Xanh Phối Màu_557
Áo tứ thân và nón quai thao lên sàn diễn thời trang Thượng Hải | Vietnam+  (VietnamPlus)_558
Linh vật mèo Bắc Ninh mặc áo tứ thân, đội nón quai thao_559
Áo Dài & Áo Tứ Thân | Chanh Nguyen | Flickr_560
Cho Thuê Sườn Xám, Áo Dài, Áo Yêm, Áo Tứ Thân Đẹp, Giá Rẻ Nhất Hà_561
Áo tứ thân miền nam | Áo tứ thân biểu diễn | Áo tứ thân sài gòn_562
Áo Tứ Thân Xanh Dương nhạt Yếm Trắng Họa Tiết Hoa 112_563
Áo Tứ Thân Xanh Phối Màu_564
Thuê áo tứ thân cùng nón quai thao Đã qua sử dụng, giá: 60.000đ, gọi:  0909717977, Quận Bình Thạnh - Hồ Chí Minh, id-387a0500_565
Cách cắt may áo tứ thân đơn giản - YouTube_566
Áo tứ thân miền nam | Áo tứ thân biểu diễn | Áo tứ thân sài gòn_567
Nam Em, Ngọc Thảo, Thủy Tiên khoe sắc với áo dài, áo tứ thân và bà ba_568
Áo Tứ Thân Xanh Phối Màu_569
Áo Tứ Thân Xanh Dương nhạt Yếm Trắng Họa Tiết Hoa 112_570
Áo tứ thân và nón quai thao lên sàn diễn thời trang Thượng Hải | Vietnam+  (VietnamPlus)_571
Nam Em, Ngọc Thảo, Thủy Tiên khoe sắc với áo dài, áo tứ thân và bà ba_572
Áo tứ thân miền nam | Áo tứ thân biểu diễn | Áo tứ thân sài gòn_573
Áo Tứ Thân Xanh Phối Màu_574
Áo tứ thân miền nam | Áo tứ thân biểu diễn | Áo tứ thân sài gòn_575
Áo Tứ Thân Xanh Phối Màu_576
Trang phục tấm cám trẻ em » Áo tứ thân trẻ em cho thuê_577
Áo tứ thân miền nam | Áo tứ thân biểu diễn | Áo tứ thân sài gòn_578
Áo Tứ Thân Xanh Phối Màu_579
Áo tứ thân miền nam | Áo tứ thân biểu diễn | Áo tứ thân sài gòn_580
Áo Tứ Thân Xanh Phối Màu_581
Áo Tứ Thân - Áo Yếm_582
Áo tứ thân miền nam | Áo tứ thân biểu diễn | Áo tứ thân sài gòn_583
Áo Tứ Thân Xanh Phối Màu_584
Áo Tứ Thân Xanh Phối Màu_585
Áo Tứ Thân Xanh Phối Màu_586
Thuê áo tứ thân đẹp nhất cùng nón quai thao - ID1652176 - May mặc- Thiết kế  thời trang - Dịch vụ - N_587
Cách phối trang phục tứ thân - Kinh nghiệm thuê áo tứ thân ở tpHCM. -  ID1662617 - May mặc- Thiết kế_588
